#
# A fatal error has been detected by the Java Runtime Environment:
#
#  SIGBUS (0xa) at pc=0x000000010bbc54f0, pid=80592, tid=33547
#
# JRE version: Java(TM) SE Runtime Environment (17.0.2+8) (build 17.0.2+8-LTS-86)
# Java VM: Java HotSpot(TM) 64-Bit Server VM (17.0.2+8-LTS-86, mixed mode, sharing, tiered, compressed oops, compressed class ptrs, g1 gc, bsd-aarch64)
# Problematic frame:
# v  ~StubRoutines::SafeFetchN
#
# No core dump will be written. Core dumps have been disabled. To enable core dumping, try "ulimit -c unlimited" before starting Java again
#
# If you would like to submit a bug report, please visit:
#   https://bugreport.java.com/bugreport/crash.jsp
# The crash happened outside the Java Virtual Machine in native code.
# See problematic frame for where to report the bug.
#

---------------  S U M M A R Y ------------

Command Line: -javaagent:/Applications/IntelliJ IDEA.app/Contents/lib/idea_rt.jar=60541:/Applications/IntelliJ IDEA.app/Contents/bin -Dfile.encoding=UTF-8 --module-path=/Users/doviledaulenskiene/.m2/repository/org/openjfx/javafx-base/17.0.1/javafx-base-17.0.1-mac-aarch64.jar:/Users/doviledaulenskiene/.m2/repository/org/openjfx/javafx-fxml/17.0.1/javafx-fxml-17.0.1-mac-aarch64.jar:/Users/doviledaulenskiene/.m2/repository/org/openjfx/javafx-graphics/17.0.1/javafx-graphics-17.0.1-mac-aarch64.jar:/Users/doviledaulenskiene/.m2/repository/org/openjfx/javafx-controls/17.0.1/javafx-controls-17.0.1-mac-aarch64.jar:/Users/doviledaulenskiene/IdeaProjects/demoFX/target/classes -Djdk.module.main=com.example.demofx com.example.demofx/com.example.demofx.HelloApplication

Host: "MacBookPro17,1" arm64 1 MHz, 8 cores, 16G, Darwin 21.5.0, macOS 12.4 (21F79)
Time: Fri Jul  8 13:07:16 2022 EEST elapsed time: 5.154190 seconds (0d 0h 0m 5s)

---------------  T H R E A D  ---------------

Current thread (0x000000013c074200):  JavaThread "InvokeLaterDispatcher" daemon [_thread_in_native, id=33547, stack(0x0000000280834000,0x0000000280a37000)]

Stack: [0x0000000280834000,0x0000000280a37000],  sp=0x0000000280a367b0,  free space=2057k
Native frames: (J=compiled Java code, j=interpreted, Vv=VM code, C=native code)
v  ~StubRoutines::SafeFetchN
V  [libjvm.dylib+0x7a4748]  _ZN10OopStorage7releaseEPKP7oopDesc+0x20
V  [libjvm.dylib+0x4b9e90]  jni_DeleteGlobalRef+0xc4
C  [libglass.dylib+0xab08]  -[GlassRunnable dealloc]+0x34
C  [Foundation+0x85318]  -[_NSThreadPerformInfo dealloc]+0x30
C  [Foundation+0x518ac]  -[NSObject(NSThreadPerformAdditions) performSelectorOnMainThread:withObject:waitUntilDone:]+0x88
C  0xcf5180010bbcd8ac
j  com.sun.glass.ui.mac.MacApplication.submitForLaterInvocation(Ljava/lang/Runnable;)V+2 javafx.graphics
j  com.sun.glass.ui.InvokeLaterDispatcher.run()V+82 javafx.graphics
v  ~StubRoutines::call_stub
V  [libjvm.dylib+0x4614e8]  _ZN9JavaCalls11call_helperEP9JavaValueRK12methodHandleP17JavaCallArgumentsP10JavaThread+0x38c
V  [libjvm.dylib+0x460504]  _ZN9JavaCalls12call_virtualEP9JavaValueP5KlassP6SymbolS5_P17JavaCallArgumentsP10JavaThread+0x11c
V  [libjvm.dylib+0x4605d0]  _ZN9JavaCalls12call_virtualEP9JavaValue6HandleP5KlassP6SymbolS6_P10JavaThread+0x64
V  [libjvm.dylib+0x513e50]  _ZL12thread_entryP10JavaThreadS0_+0xc4
V  [libjvm.dylib+0x90462c]  _ZN10JavaThread17thread_main_innerEv+0x134
V  [libjvm.dylib+0x902f54]  _ZN6Thread8call_runEv+0x128
V  [libjvm.dylib+0x7ab344]  _ZL19thread_native_entryP6Thread+0x158
C  [libsystem_pthread.dylib+0x726c]  _pthread_start+0x94

Java frames: (J=compiled Java code, j=interpreted, Vv=VM code)
j  com.sun.glass.ui.mac.MacApplication._submitForLaterInvocation(Ljava/lang/Runnable;)V+0 javafx.graphics
j  com.sun.glass.ui.mac.MacApplication.submitForLaterInvocation(Ljava/lang/Runnable;)V+2 javafx.graphics
j  com.sun.glass.ui.InvokeLaterDispatcher.run()V+82 javafx.graphics
v  ~StubRoutines::call_stub

siginfo: si_signo: 10 (SIGBUS), si_code: 1 (BUS_ADRALN), si_addr: 0x000000010bbc54f0

Register to memory mapping:

 x0=0x000000013d10a008 points into unknown readable memory: 0x0000000000000000 | 00 00 00 00 00 00 00 00
 x1=0x0 is NULL
 x2=0x000000070ec00080 is an oop: com.sun.glass.ui.InvokeLaterDispatcher$Future 
{0x000000070ec00080} - klass: 'com/sun/glass/ui/InvokeLaterDispatcher$Future'
 - ---- fields (total size 3 words):
 - private 'done' 'Z' @12  true
 - private final 'runnable' 'Ljava/lang/Runnable;' @16  a 'com/sun/javafx/application/PlatformImpl$$Lambda$95+0x0000000800c81ff8'{0x000000070eba67a8} (e1d74cf5)
 - final synthetic 'this$0' 'Lcom/sun/glass/ui/InvokeLaterDispatcher;' @20  a 'com/sun/glass/ui/InvokeLaterDispatcher'{0x000000070e80ac18} (e1d01583)
 x3=0x0 is NULL
 x4=0x00000000000130a8 is an unknown value
 x5=0x0 is NULL
 x6=0x0 is NULL
 x7=0x0 is NULL
 x8=0x000000010bbc54ec is at begin+0 in a stub
StubRoutines::SafeFetchN [0x000000010bbc54ec, 0x000000010bbc54f8] (12 bytes)
 x9=0x0 is NULL
x10=0x2010000030300000 is an unknown value
x11=0x0000000000000007 is an unknown value
x12=0x0 is NULL
x13=0x0000600003fd01f0 points into unknown readable memory: 0x0000000100000000 | 00 00 00 00 01 00 00 00
x14=0x0000040000000000 is an unknown value
x15=0x00000001265c1f98: OBJC_CLASS_$_GlassRunnable+0 in /Users/doviledaulenskiene/.openjfx/cache/17.0.1/libglass.dylib at 0x000000012657c000
x16=0x00000001af9cf0fc: pthread_getspecific+0 in /usr/lib/system/libsystem_pthread.dylib at 0x00000001af9cd000
x17=0x00006000035dee80 points into unknown readable memory: 0xfffffffffffffffe | fe ff ff ff ff ff ff ff
x18=0x0 is NULL
x19=0x0000600003ad01c0 points into unknown readable memory: 0x00006000013d8460 | 60 84 3d 01 00 60 00 00
x20=0x000000013d109e00 points into unknown readable memory: 0x696c702f3c0a3e74 | 74 3e 0a 3c 2f 70 6c 69
x21=0x000000013d10a008 points into unknown readable memory: 0x0000000000000000 | 00 00 00 00 00 00 00 00
x22=0x000000013c074200 is a thread
x23=0x0000000000000001 is an unknown value
x24=0x000000013d109fc0 is a global jni handle
x25=0x00000001040915e8: _ZN12StubRoutines17_safefetchN_entryE+0 in /Library/Java/JavaVirtualMachines/jdk-17.0.2.jdk/Contents/Home/lib/server/libjvm.dylib at 0x00000001034f8000
x26=0x000000012611a260 is pointing into metadata
x27=0x0 is NULL
x28=0x000000013c074200 is a thread


Registers:
 x0=0x000000013d10a008  x1=0x0000000000000000  x2=0x000000070ec00080  x3=0x0000000000000000
 x4=0x00000000000130a8  x5=0x0000000000000000  x6=0x0000000000000000  x7=0x0000000000000000
 x8=0x000000010bbc54ec  x9=0x0000000000000000 x10=0x2010000030300000 x11=0x0000000000000007
x12=0x0000000000000000 x13=0x0000600003fd01f0 x14=0x0000040000000000 x15=0x00000001265c1f98
x16=0x00000001af9cf0fc x17=0x00006000035dee80 x18=0x0000000000000000 x19=0x0000600003ad01c0
x20=0x000000013d109e00 x21=0x000000013d10a008 x22=0x000000013c074200 x23=0x0000000000000001
x24=0x000000013d109fc0 x25=0x00000001040915e8 x26=0x000000012611a260 x27=0x0000000000000000
x28=0x000000013c074200  fp=0x0000000280a367f0  lr=0x0000000103c9b518  sp=0x0000000280a367b0
pc=0x000000010bbc54f0 cpsr=0x0000000060001000
Top of Stack: (sp=0x0000000280a367b0)
0x0000000280a367b0:   000000012611a260 0000000000000001
0x0000000280a367c0:   0000000280a369a8 00006000013c3a10
0x0000000280a367d0:   0000000000000000 000000013d109fc8
0x0000000280a367e0:   000000013d109fc8 0000600003ad01c0
0x0000000280a367f0:   0000000280a36830 0000000103c9c748
0x0000000280a36800:   0000000000000001 000000013d109fc8
0x0000000280a36810:   0000000000000000 000000013d109fc8
0x0000000280a36820:   0000000000000001 000000013c07b200
0x0000000280a36830:   0000000280a36860 00000001039b1e90
0x0000000280a36840:   00006000013c3a20 00000001f9c8d30c
0x0000000280a36850:   0000000000000000 00006000013c3a20
0x0000000280a36860:   0000000280a36890 0000000126586b08
0x0000000280a36870:   9e6df3a7fba80064 0000000000000000
0x0000000280a36880:   0000000000000000 000060000049c700
0x0000000280a36890:   0000000280a368d0 00000001b09a4318
0x0000000280a368a0:   0000000280a369a8 00006000013c3a10
0x0000000280a368b0:   00006000013c3a20 9e6df3a7fba80064
0x0000000280a368c0:   0000000000000000 0000000000000000
0x0000000280a368d0:   0000000280a36910 415e0001b09708ac
0x0000000280a368e0:   0000000280a369a8 000000010bbcc7c0
0x0000000280a368f0:   0000000000000000 0000000104098fa8
0x0000000280a36900:   0000000280a36920 000000010bbcb730
0x0000000280a36910:   0000000280a36980 cf5180010bbcd8ac
0x0000000280a36920:   0000000280a36920 000000080098c53d
0x0000000280a36930:   0000000280a36930 0000000000000000
0x0000000280a36940:   0000000280a369a8 000000012611a260
0x0000000280a36950:   000000070e82c300 0000000000000000
0x0000000280a36960:   0000000000000000 00000001260f29c0
0x0000000280a36970:   0000000000000000 0000000280a36980
0x0000000280a36980:   0000000280a36a00 000000010bbc9fc8
0x0000000280a36990:   0000000000000000 0000000000000000
0x0000000280a369a0:   000000070ec00080 000000070e82c378 

Instructions: (pc=0x000000010bbc54f0)
0x000000010bbc53f0:   f2a080a9 f2c00029 6d425935 1e640886
0x000000010bbc5400:   0c402d31 1e6408c7 1f5654d0 1e6c1017
0x000000010bbc5410:   1f5050d0 1f504cd0 1f5048d0 1e650af6
0x000000010bbc5420:   1f50d8f6 1f5694d6 1f5158f6 1e762880
0x000000010bbc5430:   36000501 1e614000 14000026 2e251ca5
0x000000010bbc5440:   d29c3009 f2a080a9 f2c00029 6d425d36
0x000000010bbc5450:   1e600806 0c402d32 1f5758c7 1e6c101a
0x000000010bbc5460:   1f4754c7 1e650805 1f4750c7 d2866668
0x000000010bbc5470:   f2a7fa68 1f474cc7 1e6608c0 1f4748c7
0x000000010bbc5480:   1e6e1019 eb08007f 540000ac 1f479400
0x000000010bbc5490:   1f460340 1e603b20 1400000e d2a7fd29
0x000000010bbc54a0:   eb09007f 540000ac 51480069 d3607d29
0x000000010bbc54b0:   9e670121 14000002 1e6a5001 1f679417
0x000000010bbc54c0:   1f668742 1e613b23 1e773857 1e773860
0x000000010bbc54d0:   a8c17ff3 910003bf a8c17bfd d65f03c0
0x000000010bbc54e0:   b9400001 aa0103e0 d65f03c0 f9400001
0x000000010bbc54f0:   aa0103e0 d65f03c0 00000000 00000000
0x000000010bbc5500:   00000000 00000000 00000000 00000000
0x000000010bbc5510:   00000000 00000000 00000000 00000000
0x000000010bbc5520:   00000000 00000000 00000000 00000000
0x000000010bbc5530:   00000000 00000000 00000000 00000000
0x000000010bbc5540:   00000000 00000000 00000000 00000000
0x000000010bbc5550:   00000000 00000000 00000000 00000000
0x000000010bbc5560:   00000000 00000000 00000000 00000000
0x000000010bbc5570:   00000000 00000000 00000000 00000000
0x000000010bbc5580:   00000000 00000000 00000000 00000000
0x000000010bbc5590:   00000000 00000000 00000000 00000000
0x000000010bbc55a0:   00000000 00000000 00000000 00000000
0x000000010bbc55b0:   00000000 00000000 00000000 00000000
0x000000010bbc55c0:   00000000 00000000 00000000 00000000
0x000000010bbc55d0:   00000000 00000000 00000000 00000000
0x000000010bbc55e0:   00000000 00000000 00000000 00000000 


Stack slot to memory mapping:
stack at sp + 0 slots: 0x000000012611a260 is pointing into metadata
stack at sp + 1 slots: 0x0000000000000001 is an unknown value
stack at sp + 2 slots: 0x0000000280a369a8 is pointing into the stack for thread: 0x000000013c074200
stack at sp + 3 slots: 0x00006000013c3a10 points into unknown readable memory: 0x010000020839e031 | 31 e0 39 08 02 00 00 01
stack at sp + 4 slots: 0x0 is NULL
stack at sp + 5 slots: 0x000000013d109fc8 is a global jni handle
stack at sp + 6 slots: 0x000000013d109fc8 is a global jni handle
stack at sp + 7 slots: 0x0000600003ad01c0 points into unknown readable memory: 0x00006000013d8460 | 60 84 3d 01 00 60 00 00

StubRoutines::SafeFetchN [0x000000010bbc54ec, 0x000000010bbc54f8] (12 bytes)
[MachCode]
  0x000000010bbc54ec: 0100 40f9 | e003 01aa | c003 5fd6 
[/MachCode]

---------------  P R O C E S S  ---------------

Threads class SMR info:
_java_thread_list=0x00006000011f18a0, length=20, elements={
0x000000013c80d000, 0x0000000126808200, 0x000000013f00aa00, 0x000000013e021e00,
0x0000000127009600, 0x000000013e8f2e00, 0x000000013e8f3400, 0x000000013d80b000,
0x000000013f008e00, 0x000000013e022400, 0x000000013c008200, 0x000000013e8f4000,
0x000000013c041400, 0x000000012700bc00, 0x000000013c074200, 0x000000013c07b200,
0x000000012700e000, 0x000000013c8a9400, 0x000000013e0f8000, 0x000000013d80a800
}

Java Threads: ( => current thread )
  0x000000013c80d000 JavaThread "main" [_thread_blocked, id=5891, stack(0x000000016db48000,0x000000016dd4b000)]
  0x0000000126808200 JavaThread "Reference Handler" daemon [_thread_blocked, id=15107, stack(0x000000016e99c000,0x000000016eb9f000)]
  0x000000013f00aa00 JavaThread "Finalizer" daemon [_thread_blocked, id=14851, stack(0x000000016eba8000,0x000000016edab000)]
  0x000000013e021e00 JavaThread "Signal Dispatcher" daemon [_thread_blocked, id=41987, stack(0x000000016eecc000,0x000000016f0cf000)]
  0x0000000127009600 JavaThread "Service Thread" daemon [_thread_blocked, id=22531, stack(0x000000016f0d8000,0x000000016f2db000)]
  0x000000013e8f2e00 JavaThread "Monitor Deflation Thread" daemon [_thread_blocked, id=22787, stack(0x000000016f2e4000,0x000000016f4e7000)]
  0x000000013e8f3400 JavaThread "C2 CompilerThread0" daemon [_thread_in_native, id=23299, stack(0x000000016f4f0000,0x000000016f6f3000)]
  0x000000013d80b000 JavaThread "C1 CompilerThread0" daemon [_thread_blocked, id=23811, stack(0x000000016f6fc000,0x000000016f8ff000)]
  0x000000013f008e00 JavaThread "Sweeper thread" daemon [_thread_blocked, id=41219, stack(0x000000016f908000,0x000000016fb0b000)]
  0x000000013e022400 JavaThread "Common-Cleaner" daemon [_thread_blocked, id=40707, stack(0x000000016fb14000,0x000000016fd17000)]
  0x000000013c008200 JavaThread "Monitor Ctrl-Break" daemon [_thread_in_native, id=40451, stack(0x000000016fd20000,0x000000016ff23000)]
  0x000000013e8f4000 JavaThread "Notification Thread" daemon [_thread_blocked, id=24579, stack(0x0000000280004000,0x0000000280207000)]
  0x000000013c041400 JavaThread "QuantumRenderer-0" daemon [_thread_in_native, id=39427, stack(0x000000028041c000,0x000000028061f000)]
  0x000000012700bc00 JavaThread "Attach Listener" daemon [_thread_blocked, id=25347, stack(0x0000000280628000,0x000000028082b000)]
=>0x000000013c074200 JavaThread "InvokeLaterDispatcher" daemon [_thread_in_native, id=33547, stack(0x0000000280834000,0x0000000280a37000)]
  0x000000013c07b200 JavaThread "JavaFX Application Thread" [_thread_in_native, id=259, stack(0x000000016d2c0000,0x000000016dabc000)]
  0x000000012700e000 JavaThread "JavaFX-Launcher" [_thread_blocked, id=77323, stack(0x0000000280b58000,0x0000000280d5b000)]
  0x000000013c8a9400 JavaThread "Prism Font Disposer" daemon [_thread_blocked, id=72715, stack(0x000000028608c000,0x000000028628f000)]
  0x000000013e0f8000 JavaThread "Cleaner-0" daemon [_thread_blocked, id=90627, stack(0x00000002863b0000,0x00000002865b3000)]
  0x000000013d80a800 JavaThread "PulseTimer-CVDisplayLink thread" daemon [_thread_in_native, id=90951, stack(0x0000000280acc000,0x0000000280b4f000)]

Other Threads:
  0x000000013be06120 VMThread "VM Thread" [stack: 0x000000016e790000,0x000000016e993000] [id=15619]
  0x000000013d10c410 WatcherThread [stack: 0x0000000280210000,0x0000000280413000] [id=39939]
  0x000000013d105ce0 GCTaskThread "GC Thread#0" [stack: 0x000000016dd54000,0x000000016df57000] [id=19459]
  0x0000000103220720 GCTaskThread "GC Thread#1" [stack: 0x0000000280df0000,0x0000000280ff3000] [id=60675]
  0x0000000103220ba0 GCTaskThread "GC Thread#2" [stack: 0x0000000280ffc000,0x00000002811ff000] [id=60931]
  0x0000000103221020 GCTaskThread "GC Thread#3" [stack: 0x0000000281208000,0x000000028140b000] [id=61187]
  0x00000001032214a0 GCTaskThread "GC Thread#4" [stack: 0x0000000281414000,0x0000000281617000] [id=61699]
  0x0000000103221920 GCTaskThread "GC Thread#5" [stack: 0x0000000281620000,0x0000000281823000] [id=74243]
  0x000000013d106390 ConcurrentGCThread "G1 Main Marker" [stack: 0x000000016df60000,0x000000016e163000] [id=18947]
  0x000000013d204340 ConcurrentGCThread "G1 Conc#0" [stack: 0x000000016e16c000,0x000000016e36f000] [id=18179]
  0x000000013d108210 ConcurrentGCThread "G1 Refine#0" [stack: 0x000000016e378000,0x000000016e57b000] [id=17923]
  0x000000013d204cf0 ConcurrentGCThread "G1 Service" [stack: 0x000000016e584000,0x000000016e787000] [id=17411]

Threads with active compile tasks:
C2 CompilerThread0     5171 1375       4       java.util.HashSet::add (20 bytes)

VM state: not at safepoint (normal execution)

VM Mutex/Monitor currently owned by a thread: None

Heap address: 0x0000000700000000, size: 4096 MB, Compressed Oops mode: Zero based, Oop shift amount: 3

CDS archive(s) mapped at: [0x0000000800000000-0x0000000800bd8000-0x0000000800bd8000), size 12419072, SharedBaseAddress: 0x0000000800000000, ArchiveRelocationMode: 0.
Compressed class space mapped at: 0x0000000800c00000-0x0000000840c00000, reserved size: 1073741824
Narrow klass base: 0x0000000800000000, Narrow klass shift: 0, Narrow klass range: 0x100000000

GC Precious Log:
 CPUs: 8 total, 8 available
 Memory: 16384M
 Large Page Support: Disabled
 NUMA Support: Disabled
 Compressed Oops: Enabled (Zero based)
 Heap Region Size: 2M
 Heap Min Capacity: 8M
 Heap Initial Capacity: 256M
 Heap Max Capacity: 4G
 Pre-touch: Disabled
 Parallel Workers: 8
 Concurrent Workers: 2
 Concurrent Refinement Workers: 8
 Periodic GC: Disabled

Heap:
 garbage-first heap   total 266240K, used 29530K [0x0000000700000000, 0x0000000800000000)
  region size 2048K, 14 young (28672K), 2 survivors (4096K)
 Metaspace       used 12177K, committed 12416K, reserved 1064960K
  class space    used 1694K, committed 1792K, reserved 1048576K

Heap Regions: E=young(eden), S=young(survivor), O=old, HS=humongous(starts), HC=humongous(continues), CS=collection set, F=free, OA=open archive, CA=closed archive, TAMS=top-at-mark-start (previous, next)
|   0|0x0000000700000000, 0x0000000700200000, 0x0000000700200000|100%|HS|  |TAMS 0x0000000700000000, 0x0000000700000000| Complete 
|   1|0x0000000700200000, 0x0000000700200000, 0x0000000700400000|  0%| F|  |TAMS 0x0000000700200000, 0x0000000700200000| Untracked 
|   2|0x0000000700400000, 0x0000000700400000, 0x0000000700600000|  0%| F|  |TAMS 0x0000000700400000, 0x0000000700400000| Untracked 
|   3|0x0000000700600000, 0x0000000700600000, 0x0000000700800000|  0%| F|  |TAMS 0x0000000700600000, 0x0000000700600000| Untracked 
|   4|0x0000000700800000, 0x0000000700800000, 0x0000000700a00000|  0%| F|  |TAMS 0x0000000700800000, 0x0000000700800000| Untracked 
|   5|0x0000000700a00000, 0x0000000700a00000, 0x0000000700c00000|  0%| F|  |TAMS 0x0000000700a00000, 0x0000000700a00000| Untracked 
|   6|0x0000000700c00000, 0x0000000700c00000, 0x0000000700e00000|  0%| F|  |TAMS 0x0000000700c00000, 0x0000000700c00000| Untracked 
|   7|0x0000000700e00000, 0x0000000700e00000, 0x0000000701000000|  0%| F|  |TAMS 0x0000000700e00000, 0x0000000700e00000| Untracked 
|   8|0x0000000701000000, 0x0000000701000000, 0x0000000701200000|  0%| F|  |TAMS 0x0000000701000000, 0x0000000701000000| Untracked 
|   9|0x0000000701200000, 0x0000000701200000, 0x0000000701400000|  0%| F|  |TAMS 0x0000000701200000, 0x0000000701200000| Untracked 
|  10|0x0000000701400000, 0x0000000701400000, 0x0000000701600000|  0%| F|  |TAMS 0x0000000701400000, 0x0000000701400000| Untracked 
|  11|0x0000000701600000, 0x0000000701600000, 0x0000000701800000|  0%| F|  |TAMS 0x0000000701600000, 0x0000000701600000| Untracked 
|  12|0x0000000701800000, 0x0000000701800000, 0x0000000701a00000|  0%| F|  |TAMS 0x0000000701800000, 0x0000000701800000| Untracked 
|  13|0x0000000701a00000, 0x0000000701a00000, 0x0000000701c00000|  0%| F|  |TAMS 0x0000000701a00000, 0x0000000701a00000| Untracked 
|  14|0x0000000701c00000, 0x0000000701c00000, 0x0000000701e00000|  0%| F|  |TAMS 0x0000000701c00000, 0x0000000701c00000| Untracked 
|  15|0x0000000701e00000, 0x0000000701e00000, 0x0000000702000000|  0%| F|  |TAMS 0x0000000701e00000, 0x0000000701e00000| Untracked 
|  16|0x0000000702000000, 0x0000000702000000, 0x0000000702200000|  0%| F|  |TAMS 0x0000000702000000, 0x0000000702000000| Untracked 
|  17|0x0000000702200000, 0x0000000702200000, 0x0000000702400000|  0%| F|  |TAMS 0x0000000702200000, 0x0000000702200000| Untracked 
|  18|0x0000000702400000, 0x0000000702400000, 0x0000000702600000|  0%| F|  |TAMS 0x0000000702400000, 0x0000000702400000| Untracked 
|  19|0x0000000702600000, 0x0000000702600000, 0x0000000702800000|  0%| F|  |TAMS 0x0000000702600000, 0x0000000702600000| Untracked 
|  20|0x0000000702800000, 0x0000000702800000, 0x0000000702a00000|  0%| F|  |TAMS 0x0000000702800000, 0x0000000702800000| Untracked 
|  21|0x0000000702a00000, 0x0000000702a00000, 0x0000000702c00000|  0%| F|  |TAMS 0x0000000702a00000, 0x0000000702a00000| Untracked 
|  22|0x0000000702c00000, 0x0000000702c00000, 0x0000000702e00000|  0%| F|  |TAMS 0x0000000702c00000, 0x0000000702c00000| Untracked 
|  23|0x0000000702e00000, 0x0000000702e00000, 0x0000000703000000|  0%| F|  |TAMS 0x0000000702e00000, 0x0000000702e00000| Untracked 
|  24|0x0000000703000000, 0x0000000703000000, 0x0000000703200000|  0%| F|  |TAMS 0x0000000703000000, 0x0000000703000000| Untracked 
|  25|0x0000000703200000, 0x0000000703200000, 0x0000000703400000|  0%| F|  |TAMS 0x0000000703200000, 0x0000000703200000| Untracked 
|  26|0x0000000703400000, 0x0000000703400000, 0x0000000703600000|  0%| F|  |TAMS 0x0000000703400000, 0x0000000703400000| Untracked 
|  27|0x0000000703600000, 0x0000000703600000, 0x0000000703800000|  0%| F|  |TAMS 0x0000000703600000, 0x0000000703600000| Untracked 
|  28|0x0000000703800000, 0x0000000703800000, 0x0000000703a00000|  0%| F|  |TAMS 0x0000000703800000, 0x0000000703800000| Untracked 
|  29|0x0000000703a00000, 0x0000000703a00000, 0x0000000703c00000|  0%| F|  |TAMS 0x0000000703a00000, 0x0000000703a00000| Untracked 
|  30|0x0000000703c00000, 0x0000000703c00000, 0x0000000703e00000|  0%| F|  |TAMS 0x0000000703c00000, 0x0000000703c00000| Untracked 
|  31|0x0000000703e00000, 0x0000000703e00000, 0x0000000704000000|  0%| F|  |TAMS 0x0000000703e00000, 0x0000000703e00000| Untracked 
|  32|0x0000000704000000, 0x0000000704000000, 0x0000000704200000|  0%| F|  |TAMS 0x0000000704000000, 0x0000000704000000| Untracked 
|  33|0x0000000704200000, 0x0000000704200000, 0x0000000704400000|  0%| F|  |TAMS 0x0000000704200000, 0x0000000704200000| Untracked 
|  34|0x0000000704400000, 0x0000000704400000, 0x0000000704600000|  0%| F|  |TAMS 0x0000000704400000, 0x0000000704400000| Untracked 
|  35|0x0000000704600000, 0x0000000704600000, 0x0000000704800000|  0%| F|  |TAMS 0x0000000704600000, 0x0000000704600000| Untracked 
|  36|0x0000000704800000, 0x0000000704800000, 0x0000000704a00000|  0%| F|  |TAMS 0x0000000704800000, 0x0000000704800000| Untracked 
|  37|0x0000000704a00000, 0x0000000704a00000, 0x0000000704c00000|  0%| F|  |TAMS 0x0000000704a00000, 0x0000000704a00000| Untracked 
|  38|0x0000000704c00000, 0x0000000704c00000, 0x0000000704e00000|  0%| F|  |TAMS 0x0000000704c00000, 0x0000000704c00000| Untracked 
|  39|0x0000000704e00000, 0x0000000704e00000, 0x0000000705000000|  0%| F|  |TAMS 0x0000000704e00000, 0x0000000704e00000| Untracked 
|  40|0x0000000705000000, 0x0000000705000000, 0x0000000705200000|  0%| F|  |TAMS 0x0000000705000000, 0x0000000705000000| Untracked 
|  41|0x0000000705200000, 0x0000000705200000, 0x0000000705400000|  0%| F|  |TAMS 0x0000000705200000, 0x0000000705200000| Untracked 
|  42|0x0000000705400000, 0x0000000705400000, 0x0000000705600000|  0%| F|  |TAMS 0x0000000705400000, 0x0000000705400000| Untracked 
|  43|0x0000000705600000, 0x0000000705600000, 0x0000000705800000|  0%| F|  |TAMS 0x0000000705600000, 0x0000000705600000| Untracked 
|  44|0x0000000705800000, 0x0000000705800000, 0x0000000705a00000|  0%| F|  |TAMS 0x0000000705800000, 0x0000000705800000| Untracked 
|  45|0x0000000705a00000, 0x0000000705a00000, 0x0000000705c00000|  0%| F|  |TAMS 0x0000000705a00000, 0x0000000705a00000| Untracked 
|  46|0x0000000705c00000, 0x0000000705c00000, 0x0000000705e00000|  0%| F|  |TAMS 0x0000000705c00000, 0x0000000705c00000| Untracked 
|  47|0x0000000705e00000, 0x0000000705e00000, 0x0000000706000000|  0%| F|  |TAMS 0x0000000705e00000, 0x0000000705e00000| Untracked 
|  48|0x0000000706000000, 0x0000000706000000, 0x0000000706200000|  0%| F|  |TAMS 0x0000000706000000, 0x0000000706000000| Untracked 
|  49|0x0000000706200000, 0x0000000706200000, 0x0000000706400000|  0%| F|  |TAMS 0x0000000706200000, 0x0000000706200000| Untracked 
|  50|0x0000000706400000, 0x0000000706400000, 0x0000000706600000|  0%| F|  |TAMS 0x0000000706400000, 0x0000000706400000| Untracked 
|  51|0x0000000706600000, 0x0000000706600000, 0x0000000706800000|  0%| F|  |TAMS 0x0000000706600000, 0x0000000706600000| Untracked 
|  52|0x0000000706800000, 0x0000000706800000, 0x0000000706a00000|  0%| F|  |TAMS 0x0000000706800000, 0x0000000706800000| Untracked 
|  53|0x0000000706a00000, 0x0000000706a00000, 0x0000000706c00000|  0%| F|  |TAMS 0x0000000706a00000, 0x0000000706a00000| Untracked 
|  54|0x0000000706c00000, 0x0000000706c00000, 0x0000000706e00000|  0%| F|  |TAMS 0x0000000706c00000, 0x0000000706c00000| Untracked 
|  55|0x0000000706e00000, 0x0000000706e00000, 0x0000000707000000|  0%| F|  |TAMS 0x0000000706e00000, 0x0000000706e00000| Untracked 
|  56|0x0000000707000000, 0x0000000707000000, 0x0000000707200000|  0%| F|  |TAMS 0x0000000707000000, 0x0000000707000000| Untracked 
|  57|0x0000000707200000, 0x0000000707200000, 0x0000000707400000|  0%| F|  |TAMS 0x0000000707200000, 0x0000000707200000| Untracked 
|  58|0x0000000707400000, 0x0000000707400000, 0x0000000707600000|  0%| F|  |TAMS 0x0000000707400000, 0x0000000707400000| Untracked 
|  59|0x0000000707600000, 0x0000000707600000, 0x0000000707800000|  0%| F|  |TAMS 0x0000000707600000, 0x0000000707600000| Untracked 
|  60|0x0000000707800000, 0x0000000707800000, 0x0000000707a00000|  0%| F|  |TAMS 0x0000000707800000, 0x0000000707800000| Untracked 
|  61|0x0000000707a00000, 0x0000000707a00000, 0x0000000707c00000|  0%| F|  |TAMS 0x0000000707a00000, 0x0000000707a00000| Untracked 
|  62|0x0000000707c00000, 0x0000000707c00000, 0x0000000707e00000|  0%| F|  |TAMS 0x0000000707c00000, 0x0000000707c00000| Untracked 
|  63|0x0000000707e00000, 0x0000000707e00000, 0x0000000708000000|  0%| F|  |TAMS 0x0000000707e00000, 0x0000000707e00000| Untracked 
|  64|0x0000000708000000, 0x0000000708000000, 0x0000000708200000|  0%| F|  |TAMS 0x0000000708000000, 0x0000000708000000| Untracked 
|  65|0x0000000708200000, 0x0000000708200000, 0x0000000708400000|  0%| F|  |TAMS 0x0000000708200000, 0x0000000708200000| Untracked 
|  66|0x0000000708400000, 0x0000000708400000, 0x0000000708600000|  0%| F|  |TAMS 0x0000000708400000, 0x0000000708400000| Untracked 
|  67|0x0000000708600000, 0x0000000708600000, 0x0000000708800000|  0%| F|  |TAMS 0x0000000708600000, 0x0000000708600000| Untracked 
|  68|0x0000000708800000, 0x0000000708800000, 0x0000000708a00000|  0%| F|  |TAMS 0x0000000708800000, 0x0000000708800000| Untracked 
|  69|0x0000000708a00000, 0x0000000708a00000, 0x0000000708c00000|  0%| F|  |TAMS 0x0000000708a00000, 0x0000000708a00000| Untracked 
|  70|0x0000000708c00000, 0x0000000708c00000, 0x0000000708e00000|  0%| F|  |TAMS 0x0000000708c00000, 0x0000000708c00000| Untracked 
|  71|0x0000000708e00000, 0x0000000708e00000, 0x0000000709000000|  0%| F|  |TAMS 0x0000000708e00000, 0x0000000708e00000| Untracked 
|  72|0x0000000709000000, 0x0000000709000000, 0x0000000709200000|  0%| F|  |TAMS 0x0000000709000000, 0x0000000709000000| Untracked 
|  73|0x0000000709200000, 0x0000000709200000, 0x0000000709400000|  0%| F|  |TAMS 0x0000000709200000, 0x0000000709200000| Untracked 
|  74|0x0000000709400000, 0x0000000709400000, 0x0000000709600000|  0%| F|  |TAMS 0x0000000709400000, 0x0000000709400000| Untracked 
|  75|0x0000000709600000, 0x0000000709600000, 0x0000000709800000|  0%| F|  |TAMS 0x0000000709600000, 0x0000000709600000| Untracked 
|  76|0x0000000709800000, 0x0000000709800000, 0x0000000709a00000|  0%| F|  |TAMS 0x0000000709800000, 0x0000000709800000| Untracked 
|  77|0x0000000709a00000, 0x0000000709a00000, 0x0000000709c00000|  0%| F|  |TAMS 0x0000000709a00000, 0x0000000709a00000| Untracked 
|  78|0x0000000709c00000, 0x0000000709c00000, 0x0000000709e00000|  0%| F|  |TAMS 0x0000000709c00000, 0x0000000709c00000| Untracked 
|  79|0x0000000709e00000, 0x0000000709e00000, 0x000000070a000000|  0%| F|  |TAMS 0x0000000709e00000, 0x0000000709e00000| Untracked 
|  80|0x000000070a000000, 0x000000070a000000, 0x000000070a200000|  0%| F|  |TAMS 0x000000070a000000, 0x000000070a000000| Untracked 
|  81|0x000000070a200000, 0x000000070a200000, 0x000000070a400000|  0%| F|  |TAMS 0x000000070a200000, 0x000000070a200000| Untracked 
|  82|0x000000070a400000, 0x000000070a400000, 0x000000070a600000|  0%| F|  |TAMS 0x000000070a400000, 0x000000070a400000| Untracked 
|  83|0x000000070a600000, 0x000000070a600000, 0x000000070a800000|  0%| F|  |TAMS 0x000000070a600000, 0x000000070a600000| Untracked 
|  84|0x000000070a800000, 0x000000070a800000, 0x000000070aa00000|  0%| F|  |TAMS 0x000000070a800000, 0x000000070a800000| Untracked 
|  85|0x000000070aa00000, 0x000000070aa00000, 0x000000070ac00000|  0%| F|  |TAMS 0x000000070aa00000, 0x000000070aa00000| Untracked 
|  86|0x000000070ac00000, 0x000000070ac00000, 0x000000070ae00000|  0%| F|  |TAMS 0x000000070ac00000, 0x000000070ac00000| Untracked 
|  87|0x000000070ae00000, 0x000000070ae00000, 0x000000070b000000|  0%| F|  |TAMS 0x000000070ae00000, 0x000000070ae00000| Untracked 
|  88|0x000000070b000000, 0x000000070b000000, 0x000000070b200000|  0%| F|  |TAMS 0x000000070b000000, 0x000000070b000000| Untracked 
|  89|0x000000070b200000, 0x000000070b200000, 0x000000070b400000|  0%| F|  |TAMS 0x000000070b200000, 0x000000070b200000| Untracked 
|  90|0x000000070b400000, 0x000000070b400000, 0x000000070b600000|  0%| F|  |TAMS 0x000000070b400000, 0x000000070b400000| Untracked 
|  91|0x000000070b600000, 0x000000070b600000, 0x000000070b800000|  0%| F|  |TAMS 0x000000070b600000, 0x000000070b600000| Untracked 
|  92|0x000000070b800000, 0x000000070b800000, 0x000000070ba00000|  0%| F|  |TAMS 0x000000070b800000, 0x000000070b800000| Untracked 
|  93|0x000000070ba00000, 0x000000070ba00000, 0x000000070bc00000|  0%| F|  |TAMS 0x000000070ba00000, 0x000000070ba00000| Untracked 
|  94|0x000000070bc00000, 0x000000070bc00000, 0x000000070be00000|  0%| F|  |TAMS 0x000000070bc00000, 0x000000070bc00000| Untracked 
|  95|0x000000070be00000, 0x000000070be00000, 0x000000070c000000|  0%| F|  |TAMS 0x000000070be00000, 0x000000070be00000| Untracked 
|  96|0x000000070c000000, 0x000000070c000000, 0x000000070c200000|  0%| F|  |TAMS 0x000000070c000000, 0x000000070c000000| Untracked 
|  97|0x000000070c200000, 0x000000070c200000, 0x000000070c400000|  0%| F|  |TAMS 0x000000070c200000, 0x000000070c200000| Untracked 
|  98|0x000000070c400000, 0x000000070c400000, 0x000000070c600000|  0%| F|  |TAMS 0x000000070c400000, 0x000000070c400000| Untracked 
|  99|0x000000070c600000, 0x000000070c600000, 0x000000070c800000|  0%| F|  |TAMS 0x000000070c600000, 0x000000070c600000| Untracked 
| 100|0x000000070c800000, 0x000000070c800000, 0x000000070ca00000|  0%| F|  |TAMS 0x000000070c800000, 0x000000070c800000| Untracked 
| 101|0x000000070ca00000, 0x000000070ca00000, 0x000000070cc00000|  0%| F|  |TAMS 0x000000070ca00000, 0x000000070ca00000| Untracked 
| 102|0x000000070cc00000, 0x000000070cc00000, 0x000000070ce00000|  0%| F|  |TAMS 0x000000070cc00000, 0x000000070cc00000| Untracked 
| 103|0x000000070ce00000, 0x000000070ce00000, 0x000000070d000000|  0%| F|  |TAMS 0x000000070ce00000, 0x000000070ce00000| Untracked 
| 104|0x000000070d000000, 0x000000070d000000, 0x000000070d200000|  0%| F|  |TAMS 0x000000070d000000, 0x000000070d000000| Untracked 
| 105|0x000000070d200000, 0x000000070d200000, 0x000000070d400000|  0%| F|  |TAMS 0x000000070d200000, 0x000000070d200000| Untracked 
| 106|0x000000070d400000, 0x000000070d400000, 0x000000070d600000|  0%| F|  |TAMS 0x000000070d400000, 0x000000070d400000| Untracked 
| 107|0x000000070d600000, 0x000000070d600000, 0x000000070d800000|  0%| F|  |TAMS 0x000000070d600000, 0x000000070d600000| Untracked 
| 108|0x000000070d800000, 0x000000070d800000, 0x000000070da00000|  0%| F|  |TAMS 0x000000070d800000, 0x000000070d800000| Untracked 
| 109|0x000000070da00000, 0x000000070da00000, 0x000000070dc00000|  0%| F|  |TAMS 0x000000070da00000, 0x000000070da00000| Untracked 
| 110|0x000000070dc00000, 0x000000070dc00000, 0x000000070de00000|  0%| F|  |TAMS 0x000000070dc00000, 0x000000070dc00000| Untracked 
| 111|0x000000070de00000, 0x000000070de00000, 0x000000070e000000|  0%| F|  |TAMS 0x000000070de00000, 0x000000070de00000| Untracked 
| 112|0x000000070e000000, 0x000000070e000000, 0x000000070e200000|  0%| F|  |TAMS 0x000000070e000000, 0x000000070e000000| Untracked 
| 113|0x000000070e200000, 0x000000070e200000, 0x000000070e400000|  0%| F|  |TAMS 0x000000070e200000, 0x000000070e200000| Untracked 
| 114|0x000000070e400000, 0x000000070e566688, 0x000000070e600000| 70%| E|  |TAMS 0x000000070e400000, 0x000000070e400000| Complete 
| 115|0x000000070e600000, 0x000000070e6dea98, 0x000000070e800000| 43%| S|CS|TAMS 0x000000070e600000, 0x000000070e600000| Complete 
| 116|0x000000070e800000, 0x000000070ea00000, 0x000000070ea00000|100%| S|CS|TAMS 0x000000070e800000, 0x000000070e800000| Complete 
| 117|0x000000070ea00000, 0x000000070ec00000, 0x000000070ec00000|100%| E|CS|TAMS 0x000000070ea00000, 0x000000070ea00000| Complete 
| 118|0x000000070ec00000, 0x000000070ee00000, 0x000000070ee00000|100%| E|CS|TAMS 0x000000070ec00000, 0x000000070ec00000| Complete 
| 119|0x000000070ee00000, 0x000000070f000000, 0x000000070f000000|100%| E|CS|TAMS 0x000000070ee00000, 0x000000070ee00000| Complete 
| 120|0x000000070f000000, 0x000000070f200000, 0x000000070f200000|100%| E|CS|TAMS 0x000000070f000000, 0x000000070f000000| Complete 
| 121|0x000000070f200000, 0x000000070f400000, 0x000000070f400000|100%| E|CS|TAMS 0x000000070f200000, 0x000000070f200000| Complete 
| 122|0x000000070f400000, 0x000000070f600000, 0x000000070f600000|100%| E|CS|TAMS 0x000000070f400000, 0x000000070f400000| Complete 
| 123|0x000000070f600000, 0x000000070f800000, 0x000000070f800000|100%| E|CS|TAMS 0x000000070f600000, 0x000000070f600000| Complete 
| 124|0x000000070f800000, 0x000000070fa00000, 0x000000070fa00000|100%| E|CS|TAMS 0x000000070f800000, 0x000000070f800000| Complete 
| 125|0x000000070fa00000, 0x000000070fc00000, 0x000000070fc00000|100%| E|CS|TAMS 0x000000070fa00000, 0x000000070fa00000| Complete 
| 126|0x000000070fc00000, 0x000000070fe00000, 0x000000070fe00000|100%| E|CS|TAMS 0x000000070fc00000, 0x000000070fc00000| Complete 
| 127|0x000000070fe00000, 0x0000000710000000, 0x0000000710000000|100%| E|CS|TAMS 0x000000070fe00000, 0x000000070fe00000| Complete 
|2046|0x00000007ffc00000, 0x00000007ffd78000, 0x00000007ffe00000| 73%|OA|  |TAMS 0x00000007ffc00000, 0x00000007ffc00000| Untracked 
|2047|0x00000007ffe00000, 0x00000007ffe80000, 0x0000000800000000| 25%|CA|  |TAMS 0x00000007ffe00000, 0x00000007ffe00000| Untracked 

Card table byte_map: [0x000000011abc4000,0x000000011b3c4000] _byte_map_base: 0x00000001173c4000

Marking Bits (Prev, Next): (CMBitMap*) 0x000000013e813c10, (CMBitMap*) 0x000000013e813c50
 Prev Bits: [0x000000011bbc4000, 0x000000011fbc4000)
 Next Bits: [0x000000011fbc4000, 0x0000000123bc4000)

Polling page: 0x00000001023c8000

Metaspace:

Usage:
  Non-class:     10.24 MB used.
      Class:      1.65 MB used.
       Both:     11.89 MB used.

Virtual space:
  Non-class space:       16.00 MB reserved,      10.38 MB ( 65%) committed,  2 nodes.
      Class space:        1.00 GB reserved,       1.75 MB ( <1%) committed,  1 nodes.
             Both:        1.02 GB reserved,      12.12 MB (  1%) committed. 

Chunk freelists:
   Non-Class:  1.14 MB
       Class:  2.16 MB
        Both:  3.30 MB

MaxMetaspaceSize: unlimited
CompressedClassSpaceSize: 1.00 GB
Initial GC threshold: 21.00 MB
Current GC threshold: 21.00 MB
CDS: on
MetaspaceReclaimPolicy: balanced
 - commit_granule_bytes: 65536.
 - commit_granule_words: 8192.
 - virtual_space_node_default_size: 1048576.
 - enlarge_chunks_in_place: 1.
 - new_chunks_are_fully_committed: 0.
 - uncommit_free_chunks: 1.
 - use_allocation_guard: 0.
 - handle_deallocations: 1.


Internal statistics:

num_allocs_failed_limit: 0.
num_arena_births: 174.
num_arena_deaths: 0.
num_vsnodes_births: 3.
num_vsnodes_deaths: 0.
num_space_committed: 194.
num_space_uncommitted: 0.
num_chunks_returned_to_freelist: 0.
num_chunks_taken_from_freelist: 552.
num_chunk_merges: 0.
num_chunk_splits: 382.
num_chunks_enlarged: 296.
num_purges: 0.
num_inconsistent_stats: 0.

CodeHeap 'non-profiled nmethods': size=120032Kb used=423Kb max_used=423Kb free=119608Kb
 bounds [0x000000011368c000, 0x00000001138fc000, 0x000000011abc4000]
CodeHeap 'profiled nmethods': size=120016Kb used=2591Kb max_used=2591Kb free=117424Kb
 bounds [0x000000010c158000, 0x000000010c3e8000, 0x000000011368c000]
CodeHeap 'non-nmethods': size=5712Kb used=1353Kb max_used=1383Kb free=4358Kb
 bounds [0x000000010bbc4000, 0x000000010be34000, 0x000000010c158000]
 total_blobs=2072 nmethods=1333 adapters=656
 compilation: enabled
              stopped_count=0, restarted_count=0
 full_count=0

Compilation events (20 events):
Event: 5.149 Thread 0x000000013d80b000 nmethod 1374 0x000000010c3d9590 code [0x000000010c3d9840, 0x000000010c3da638]
Event: 5.149 Thread 0x000000013d80b000 1383       3       com.sun.javafx.css.ParsedValueImpl::containsFontRelativeSize (231 bytes)
Event: 5.150 Thread 0x000000013d80b000 nmethod 1383 0x000000010c3da990 code [0x000000010c3dacc0, 0x000000010c3dbe38]
Event: 5.150 Thread 0x000000013d80b000 1384       3       com.sun.javafx.css.ParsedValueImpl::convert (24 bytes)
Event: 5.150 Thread 0x000000013d80b000 nmethod 1384 0x000000010c3dc190 code [0x000000010c3dc340, 0x000000010c3dc618]
Event: 5.150 Thread 0x000000013d80b000 1379       3       javafx.scene.CssStyleHelper::resolveRef (134 bytes)
Event: 5.151 Thread 0x000000013d80b000 nmethod 1379 0x000000010c3dc710 code [0x000000010c3dca00, 0x000000010c3dd908]
Event: 5.151 Thread 0x000000013d80b000 1378       3       com.sun.javafx.css.StyleManager$CacheContainer::getStyleMapList (23 bytes)
Event: 5.152 Thread 0x000000013d80b000 nmethod 1378 0x000000010c3ddd10 code [0x000000010c3ddf00, 0x000000010c3de328]
Event: 5.152 Thread 0x000000013d80b000 1385       1       javafx.scene.paint.Stop::getOffset (5 bytes)
Event: 5.152 Thread 0x000000013d80b000 nmethod 1385 0x00000001136f5110 code [0x00000001136f5280, 0x00000001136f5368]
Event: 5.152 Thread 0x000000013d80b000 1387       1       javafx.css.SizeUnits::isAbsolute (5 bytes)
Event: 5.152 Thread 0x000000013d80b000 nmethod 1387 0x00000001136f5410 code [0x00000001136f5580, 0x00000001136f5668]
Event: 5.152 Thread 0x000000013d80b000 1372       3       com.sun.javafx.css.PseudoClassState::addAll (6 bytes)
Event: 5.152 Thread 0x000000013d80b000 nmethod 1372 0x000000010c3de490 code [0x000000010c3de640, 0x000000010c3de7d8]
Event: 5.152 Thread 0x000000013d80b000 1386       1       java.lang.Double::doubleValue (5 bytes)
Event: 5.152 Thread 0x000000013d80b000 nmethod 1386 0x00000001136f5710 code [0x00000001136f5880, 0x00000001136f5968]
Event: 5.152 Thread 0x000000013d80b000 1376       3       java.util.ArrayList$SubList::get (27 bytes)
Event: 5.153 Thread 0x000000013d80b000 nmethod 1376 0x000000010c3de890 code [0x000000010c3deac0, 0x000000010c3df048]
Event: 5.153 Thread 0x000000013d80b000 1377       3       javafx.css.SimpleSelector::stateMatches (19 bytes)

GC Heap History (2 events):
Event: 2.468 GC heap before
{Heap before GC invocations=0 (full 0):
 garbage-first heap   total 266240K, used 24544K [0x0000000700000000, 0x0000000800000000)
  region size 2048K, 11 young (22528K), 0 survivors (0K)
 Metaspace       used 6537K, committed 6784K, reserved 1056768K
  class space    used 834K, committed 960K, reserved 1048576K
}
Event: 2.470 GC heap after
{Heap after GC invocations=1 (full 0):
 garbage-first heap   total 266240K, used 4954K [0x0000000700000000, 0x0000000800000000)
  region size 2048K, 2 young (4096K), 2 survivors (4096K)
 Metaspace       used 6537K, committed 6784K, reserved 1056768K
  class space    used 834K, committed 960K, reserved 1048576K
}

Deoptimization events (20 events):
Event: 3.002 Thread 0x000000013c07b200 Uncommon trap: trap_request=0xffffff45 fr.pc=0x0000000113693464 relative=0x0000000000000064
Event: 3.002 Thread 0x000000013c07b200 Uncommon trap: reason=unstable_if action=reinterpret pc=0x0000000113693464 method=java.lang.String.isLatin1()Z @ 10 c2
Event: 3.002 Thread 0x000000013c07b200 DEOPT PACKING pc=0x0000000113693464 sp=0x000000016dab53f0
Event: 3.002 Thread 0x000000013c07b200 DEOPT UNPACKING pc=0x000000010bc02d1c sp=0x000000016dab5390 mode 2
Event: 3.002 Thread 0x000000013c07b200 Uncommon trap: trap_request=0xffffff45 fr.pc=0x00000001136977e4 relative=0x00000000000001a4
Event: 3.002 Thread 0x000000013c07b200 Uncommon trap: reason=unstable_if action=reinterpret pc=0x00000001136977e4 method=java.lang.String.isLatin1()Z @ 10 c2
Event: 3.002 Thread 0x000000013c07b200 DEOPT PACKING pc=0x00000001136977e4 sp=0x000000016dab5e10
Event: 3.002 Thread 0x000000013c07b200 DEOPT UNPACKING pc=0x000000010bc02d1c sp=0x000000016dab5d40 mode 2
Event: 3.015 Thread 0x000000013c07b200 Uncommon trap: trap_request=0xffffffde fr.pc=0x00000001136a1698 relative=0x0000000000000158
Event: 3.015 Thread 0x000000013c07b200 Uncommon trap: reason=class_check action=maybe_recompile pc=0x00000001136a1698 method=java.lang.String.equals(Ljava/lang/Object;)Z @ 8 c2
Event: 3.015 Thread 0x000000013c07b200 DEOPT PACKING pc=0x00000001136a1698 sp=0x000000016dab6080
Event: 3.015 Thread 0x000000013c07b200 DEOPT UNPACKING pc=0x000000010bc02d1c sp=0x000000016dab6020 mode 2
Event: 3.030 Thread 0x000000013c07b200 Uncommon trap: trap_request=0xffffff45 fr.pc=0x00000001136d3d04 relative=0x00000000000001c4
Event: 3.030 Thread 0x000000013c07b200 Uncommon trap: reason=unstable_if action=reinterpret pc=0x00000001136d3d04 method=java.lang.String.startsWith(Ljava/lang/String;I)Z @ 1 c2
Event: 3.030 Thread 0x000000013c07b200 DEOPT PACKING pc=0x00000001136d3d04 sp=0x000000016dab6460
Event: 3.030 Thread 0x000000013c07b200 DEOPT UNPACKING pc=0x000000010bc02d1c sp=0x000000016dab63c0 mode 2
Event: 3.032 Thread 0x000000013c07b200 Uncommon trap: trap_request=0xffffff45 fr.pc=0x00000001136d755c relative=0x000000000000019c
Event: 3.032 Thread 0x000000013c07b200 Uncommon trap: reason=unstable_if action=reinterpret pc=0x00000001136d755c method=java.io.ByteArrayInputStream.read()I @ 8 c2
Event: 3.032 Thread 0x000000013c07b200 DEOPT PACKING pc=0x00000001136d755c sp=0x000000016dab5470
Event: 3.032 Thread 0x000000013c07b200 DEOPT UNPACKING pc=0x000000010bc02d1c sp=0x000000016dab53f0 mode 2

Classes unloaded (0 events):
No events

Classes redefined (0 events):
No events

Internal exceptions (20 events):
Event: 0.466 Thread 0x000000013c80d000 Exception <a 'java/lang/NoSuchMethodError'{0x000000070f9a0138}: 'void java.lang.invoke.DirectMethodHandle$Holder.invokeSpecial(java.lang.Object, java.lang.Object, java.lang.Object)'> (0x000000070f9a0138) 
thrown [open/src/hotspot/share/interpreter/linkResolver.cpp, line 766]
Event: 0.489 Thread 0x000000013c80d000 Exception <a 'java/lang/NoSuchMethodError'{0x000000070f9dc7f8}: 'void java.lang.invoke.DirectMethodHandle$Holder.invokeStatic(java.lang.Object, java.lang.Object, java.lang.Object)'> (0x000000070f9dc7f8) 
thrown [open/src/hotspot/share/interpreter/linkResolver.cpp, line 766]
Event: 1.560 Thread 0x000000013c80d000 Exception <a 'java/lang/NoSuchMethodError'{0x000000070f9f93d0}: 'int java.lang.invoke.DirectMethodHandle$Holder.invokeStaticInit(java.lang.Object, java.lang.Object, java.lang.Object)'> (0x000000070f9f93d0) 
thrown [open/src/hotspot/share/interpreter/linkResolver.cpp, line 766]
Event: 2.379 Thread 0x000000013c07b200 Exception <a 'java/lang/NoSuchMethodError'{0x000000070f041bf0}: 'void java.lang.invoke.DirectMethodHandle$Holder.invokeStaticInit(java.lang.Object)'> (0x000000070f041bf0) 
thrown [open/src/hotspot/share/interpreter/linkResolver.cpp, line 766]
Event: 2.380 Thread 0x000000013c80d000 Exception <a 'java/lang/NoSuchMethodError'{0x000000070f528240}: 'java.lang.Object java.lang.invoke.DirectMethodHandle$Holder.newInvokeSpecial(java.lang.Object, java.lang.Object, java.lang.Object, java.lang.Object, java.lang.Object, java.lang.Object)'> (0x000000070f528240) 
thrown [open/src/hotspot/share/interpreter/linkResolver.cpp, line 766]
Event: 2.402 Thread 0x000000013c80d000 Exception <a 'java/lang/NoSuchMethodError'{0x000000070f559350}: 'java.lang.Object java.lang.invoke.DirectMethodHandle$Holder.newInvokeSpecial(java.lang.Object, java.lang.Object, java.lang.Object, java.lang.Object, java.lang.Object)'> (0x000000070f559350) 
thrown [open/src/hotspot/share/interpreter/linkResolver.cpp, line 766]
Event: 2.403 Thread 0x000000012700e000 Exception <a 'java/lang/NoSuchMethodError'{0x000000070f1c89b8}: 'void java.lang.invoke.DirectMethodHandle$Holder.invokeStatic(java.lang.Object, java.lang.Object, java.lang.Object, java.lang.Object)'> (0x000000070f1c89b8) 
thrown [open/src/hotspot/share/interpreter/linkResolver.cpp, line 766]
Event: 2.434 Thread 0x000000013c07b200 Exception <a 'sun/nio/fs/UnixException'{0x000000070ed15b40}> (0x000000070ed15b40) 
thrown [open/src/hotspot/share/prims/jni.cpp, line 516]
Event: 2.465 Thread 0x000000013c07b200 Exception <a 'java/lang/NoSuchMethodError'{0x000000070ebb1628}: 'java.lang.Object java.lang.invoke.DirectMethodHandle$Holder.invokeStaticInit(java.lang.Object, java.lang.Object, java.lang.Object, java.lang.Object)'> (0x000000070ebb1628) 
thrown [open/src/hotspot/share/interpreter/linkResolver.cpp, line 766]
Event: 2.465 Thread 0x000000013c07b200 Exception <a 'java/lang/NullPointerException'{0x000000070ebbd340}> (0x000000070ebbd340) 
thrown [open/src/hotspot/share/interpreter/linkResolver.cpp, line 1357]
Event: 2.480 Thread 0x000000013c07b200 Exception <a 'java/lang/NoSuchMethodError'{0x000000070ff48150}: 'java.lang.Object java.lang.invoke.DirectMethodHandle$Holder.invokeSpecial(java.lang.Object, java.lang.Object, java.lang.Object, int, java.lang.Object)'> (0x000000070ff48150) 
thrown [open/src/hotspot/share/interpreter/linkResolver.cpp, line 766]
Event: 2.802 Thread 0x000000013c07b200 Exception <a 'java/lang/NoSuchMethodError'{0x000000070f664fc8}: 'void java.lang.invoke.DirectMethodHandle$Holder.invokeStaticInit(java.lang.Object, java.lang.Object)'> (0x000000070f664fc8) 
thrown [open/src/hotspot/share/interpreter/linkResolver.cpp, line 766]
Event: 2.804 Thread 0x000000013c07b200 Exception <a 'java/lang/NoSuchMethodError'{0x000000070f69a508}: 'void java.lang.invoke.DirectMethodHandle$Holder.invokeSpecial(java.lang.Object, java.lang.Object, java.lang.Object, java.lang.Object, java.lang.Object)'> (0x000000070f69a508) 
thrown [open/src/hotspot/share/interpreter/linkResolver.cpp, line 766]
Event: 2.819 Thread 0x000000013c07b200 Exception <a 'sun/nio/fs/UnixException'{0x000000070f7b0828}> (0x000000070f7b0828) 
thrown [open/src/hotspot/share/prims/jni.cpp, line 516]
Event: 2.832 Thread 0x000000013c07b200 Implicit null exception at 0x00000001136d6a54 to 0x00000001136d6d64
Event: 2.910 Thread 0x000000013c07b200 Implicit null exception at 0x00000001136d4554 to 0x00000001136d4858
Event: 3.010 Thread 0x000000013c07b200 Exception <a 'java/lang/NoSuchMethodError'{0x000000070f1a98b0}: 'java.lang.Object java.lang.invoke.DirectMethodHandle$Holder.invokeInterface(java.lang.Object, java.lang.Object, java.lang.Object)'> (0x000000070f1a98b0) 
thrown [open/src/hotspot/share/interpreter/linkResolver.cpp, line 766]
Event: 3.011 Thread 0x000000013c07b200 Exception <a 'java/lang/IncompatibleClassChangeError'{0x000000070f1ad238}: Found class java.lang.Object, but interface was expected> (0x000000070f1ad238) 
thrown [open/src/hotspot/share/interpreter/linkResolver.cpp, line 833]
Event: 3.044 Thread 0x000000013c07b200 Exception <a 'java/lang/NoSuchMethodError'{0x000000070ef94210}: 'java.lang.Object java.lang.invoke.DirectMethodHandle$Holder.newInvokeSpecial(java.lang.Object, java.lang.Object, int)'> (0x000000070ef94210) 
thrown [open/src/hotspot/share/interpreter/linkResolver.cpp, line 766]
Event: 3.104 Thread 0x000000013c041400 Exception <a 'java/lang/NoSuchMethodError'{0x000000070ec679f0}: 'int java.lang.invoke.DirectMethodHandle$Holder.invokeStaticInit(java.lang.Object, java.lang.Object)'> (0x000000070ec679f0) 
thrown [open/src/hotspot/share/interpreter/linkResolver.cpp, line 766]

VM Operations (20 events):
Event: 0.348 Executing VM operation: HandshakeAllThreads
Event: 0.348 Executing VM operation: HandshakeAllThreads done
Event: 0.348 Executing VM operation: HandshakeAllThreads
Event: 0.348 Executing VM operation: HandshakeAllThreads done
Event: 0.373 Executing VM operation: HandshakeAllThreads
Event: 0.373 Executing VM operation: HandshakeAllThreads done
Event: 1.481 Executing VM operation: ICBufferFull
Event: 1.481 Executing VM operation: ICBufferFull done
Event: 2.468 Executing VM operation: G1CollectForAllocation
Event: 2.470 Executing VM operation: G1CollectForAllocation done
Event: 2.485 Executing VM operation: HandshakeAllThreads
Event: 2.485 Executing VM operation: HandshakeAllThreads done
Event: 2.774 Executing VM operation: HandshakeAllThreads
Event: 2.774 Executing VM operation: HandshakeAllThreads done
Event: 3.002 Executing VM operation: HandshakeAllThreads
Event: 3.002 Executing VM operation: HandshakeAllThreads done
Event: 3.014 Executing VM operation: ICBufferFull
Event: 3.014 Executing VM operation: ICBufferFull done
Event: 4.019 Executing VM operation: Cleanup
Event: 4.019 Executing VM operation: Cleanup done

Events (20 events):
Event: 3.130 loading class java/nio/ShortBuffer done
Event: 3.130 loading class java/nio/DirectShortBufferU done
Event: 3.144 loading class java/util/EnumMap$Values
Event: 3.144 loading class java/util/EnumMap$Values done
Event: 3.144 loading class java/util/EnumMap$ValueIterator
Event: 3.144 loading class java/util/EnumMap$EnumMapIterator
Event: 3.144 loading class java/util/EnumMap$EnumMapIterator done
Event: 3.144 loading class java/util/EnumMap$ValueIterator done
Event: 3.178 loading class java/nio/FloatBuffer
Event: 3.178 loading class java/nio/FloatBuffer done
Event: 3.178 loading class java/nio/DoubleBuffer
Event: 3.178 loading class java/nio/DoubleBuffer done
Event: 3.178 loading class java/nio/DirectFloatBufferU
Event: 3.178 loading class java/nio/DirectFloatBufferU done
Event: 3.204 loading class jdk/internal/misc/ScopedMemoryAccess$Scope
Event: 3.204 loading class jdk/internal/misc/ScopedMemoryAccess$Scope done
Event: 3.398 Protecting memory [0x0000000280acc000,0x0000000280ad8000] with protection modes 3
Event: 3.398 Thread 0x000000013c8ae000 Thread exited: 0x000000013c8ae000
Event: 5.147 Protecting memory [0x0000000280acc000,0x0000000280ad8000] with protection modes 0
Event: 5.147 Thread 0x000000013d80a800 Thread added: 0x000000013d80a800


Dynamic libraries:
0x0000000102378000 	/Library/Java/JavaVirtualMachines/jdk-17.0.2.jdk/Contents/Home/lib/libjli.dylib
0x00000001ba47a000 	/usr/lib/libz.1.dylib
0x00000001ba531000 	/usr/lib/libSystem.B.dylib
0x00000001ba52b000 	/usr/lib/system/libcache.dylib
0x00000001ba4e9000 	/usr/lib/system/libcommonCrypto.dylib
0x00000001ba512000 	/usr/lib/system/libcompiler_rt.dylib
0x00000001ba509000 	/usr/lib/system/libcopyfile.dylib
0x00000001af757000 	/usr/lib/system/libcorecrypto.dylib
0x00000001af80c000 	/usr/lib/system/libdispatch.dylib
0x00000001af9da000 	/usr/lib/system/libdyld.dylib
0x00000001ba521000 	/usr/lib/system/libkeymgr.dylib
0x00000001ba4c4000 	/usr/lib/system/libmacho.dylib
0x00000001b9bb4000 	/usr/lib/system/libquarantine.dylib
0x00000001ba51e000 	/usr/lib/system/libremovefile.dylib
0x00000001b4b50000 	/usr/lib/system/libsystem_asl.dylib
0x00000001af6f9000 	/usr/lib/system/libsystem_blocks.dylib
0x00000001af894000 	/usr/lib/system/libsystem_c.dylib
0x00000001ba516000 	/usr/lib/system/libsystem_collections.dylib
0x00000001b9049000 	/usr/lib/system/libsystem_configuration.dylib
0x00000001b82a5000 	/usr/lib/system/libsystem_containermanager.dylib
0x00000001ba221000 	/usr/lib/system/libsystem_coreservices.dylib
0x00000001b210a000 	/usr/lib/system/libsystem_darwin.dylib
0x00000001ba522000 	/usr/lib/system/libsystem_dnssd.dylib
0x00000001af891000 	/usr/lib/system/libsystem_featureflags.dylib
0x00000001af9ef000 	/usr/lib/system/libsystem_info.dylib
0x00000001ba48c000 	/usr/lib/system/libsystem_m.dylib
0x00000001af7e1000 	/usr/lib/system/libsystem_malloc.dylib
0x00000001b4ade000 	/usr/lib/system/libsystem_networkextension.dylib
0x00000001b2563000 	/usr/lib/system/libsystem_notify.dylib
0x00000001c0884000 	/usr/lib/system/libsystem_product_info_filter.dylib
0x00000001b904e000 	/usr/lib/system/libsystem_sandbox.dylib
0x00000001ba51b000 	/usr/lib/system/libsystem_secinit.dylib
0x00000001af995000 	/usr/lib/system/libsystem_kernel.dylib
0x00000001af9e7000 	/usr/lib/system/libsystem_platform.dylib
0x00000001af9cd000 	/usr/lib/system/libsystem_pthread.dylib
0x00000001b62b0000 	/usr/lib/system/libsystem_symptoms.dylib
0x00000001af73d000 	/usr/lib/system/libsystem_trace.dylib
0x00000001ba4f6000 	/usr/lib/system/libunwind.dylib
0x00000001af6fb000 	/usr/lib/system/libxpc.dylib
0x00000001af97d000 	/usr/lib/libc++abi.dylib
0x00000001af853000 	/usr/lib/libobjc.A.dylib
0x00000001ba501000 	/usr/lib/liboah.dylib
0x00000001af916000 	/usr/lib/libc++.1.dylib
0x00000001c63aa000 	/System/Library/Frameworks/Cocoa.framework/Versions/A/Cocoa
0x00000001b25c4000 	/System/Library/Frameworks/AppKit.framework/Versions/C/AppKit
0x00000001b5ad7000 	/System/Library/Frameworks/CoreData.framework/Versions/A/CoreData
0x00000001b091f000 	/System/Library/Frameworks/Foundation.framework/Versions/C/Foundation
0x00000001b347c000 	/System/Library/PrivateFrameworks/UIFoundation.framework/Versions/A/UIFoundation
0x00000001c057e000 	/System/Library/PrivateFrameworks/RemoteViewServices.framework/Versions/A/RemoteViewServices
0x00000001b89f1000 	/System/Library/PrivateFrameworks/XCTTargetBootstrap.framework/Versions/A/XCTTargetBootstrap
0x00000001bc271000 	/System/Library/PrivateFrameworks/InternationalSupport.framework/Versions/A/InternationalSupport
0x00000001bc2fa000 	/System/Library/PrivateFrameworks/UserActivity.framework/Versions/A/UserActivity
0x00000001bb768000 	/usr/lib/libspindump.dylib
0x00000001b36ed000 	/System/Library/Frameworks/UniformTypeIdentifiers.framework/Versions/A/UniformTypeIdentifiers
0x00000001b6f3b000 	/usr/lib/libapp_launch_measurement.dylib
0x00000001b6462000 	/System/Library/PrivateFrameworks/CoreAnalytics.framework/Versions/A/CoreAnalytics
0x00000001b6f3e000 	/System/Library/PrivateFrameworks/CoreAutoLayout.framework/Versions/A/CoreAutoLayout
0x00000001b82e2000 	/System/Library/Frameworks/Metal.framework/Versions/A/Metal
0x00000001b9059000 	/usr/lib/liblangid.dylib
0x00000001b89f6000 	/System/Library/PrivateFrameworks/CoreSVG.framework/Versions/A/CoreSVG
0x00000001b4b84000 	/System/Library/PrivateFrameworks/SkyLight.framework/Versions/A/SkyLight
0x00000001b4f5d000 	/System/Library/Frameworks/CoreGraphics.framework/Versions/A/CoreGraphics
0x00000001c0c4a000 	/System/Library/Frameworks/Accelerate.framework/Versions/A/Accelerate
0x00000001bb1df000 	/System/Library/PrivateFrameworks/IconServices.framework/Versions/A/IconServices
0x00000001b82c4000 	/System/Library/Frameworks/IOSurface.framework/Versions/A/IOSurface
0x00000001b6493000 	/usr/lib/libDiagnosticMessagesClient.dylib
0x00000001c414b000 	/System/Library/Frameworks/ApplicationServices.framework/Versions/A/ApplicationServices
0x00000001b89d9000 	/System/Library/PrivateFrameworks/DFRFoundation.framework/Versions/A/DFRFoundation
0x00000001b1e54000 	/usr/lib/libicucore.A.dylib
0x00000001bd11e000 	/System/Library/Frameworks/AudioToolbox.framework/Versions/A/AudioToolbox
0x00000001bc27d000 	/System/Library/PrivateFrameworks/DataDetectorsCore.framework/Versions/A/DataDetectorsCore
0x00000001d2c77000 	/System/Library/PrivateFrameworks/TextInput.framework/Versions/A/TextInput
0x00000001b4af9000 	/usr/lib/libMobileGestalt.dylib
0x00000001b86a5000 	/System/Library/Frameworks/Carbon.framework/Versions/A/Frameworks/HIToolbox.framework/Versions/A/HIToolbox
0x00000001b6913000 	/System/Library/Frameworks/QuartzCore.framework/Versions/A/QuartzCore
0x00000001b1ad5000 	/System/Library/Frameworks/Security.framework/Versions/A/Security
0x00000001c05be000 	/System/Library/Frameworks/Carbon.framework/Versions/A/Frameworks/SpeechRecognition.framework/Versions/A/SpeechRecognition
0x00000001b6c91000 	/System/Library/PrivateFrameworks/CoreUI.framework/Versions/A/CoreUI
0x00000001b13b1000 	/System/Library/Frameworks/CoreAudio.framework/Versions/A/CoreAudio
0x00000001b6587000 	/System/Library/Frameworks/DiskArbitration.framework/Versions/A/DiskArbitration
0x00000001bbb72000 	/System/Library/PrivateFrameworks/MultitouchSupport.framework/Versions/A/MultitouchSupport
0x00000001b4af7000 	/usr/lib/libenergytrace.dylib
0x00000001b248c000 	/System/Library/Frameworks/IOKit.framework/Versions/A/IOKit
0x00000001c09ad000 	/System/Library/Frameworks/CoreServices.framework/Versions/A/CoreServices
0x00000001b6ecb000 	/System/Library/PrivateFrameworks/PerformanceAnalysis.framework/Versions/A/PerformanceAnalysis
0x00000002110af000 	/System/Library/Frameworks/OpenGL.framework/Versions/A/OpenGL
0x00000001b9acc000 	/System/Library/PrivateFrameworks/MobileKeyBag.framework/Versions/A/MobileKeyBag
0x00000001b556b000 	/System/Library/Frameworks/ColorSync.framework/Versions/A/ColorSync
0x00000001afa1c000 	/System/Library/Frameworks/CoreFoundation.framework/Versions/A/CoreFoundation
0x00000001b8c75000 	/System/Library/Frameworks/CoreImage.framework/Versions/A/CoreImage
0x00000001b11d5000 	/System/Library/Frameworks/CoreText.framework/Versions/A/CoreText
0x00000001b8a26000 	/System/Library/Frameworks/ImageIO.framework/Versions/A/ImageIO
0x00000001ba537000 	/System/Library/PrivateFrameworks/SoftLinking.framework/Versions/A/SoftLinking
0x00000001b6f89000 	/usr/lib/libxml2.2.dylib
0x00000001ba7d0000 	/usr/lib/libcompression.dylib
0x00000001bc1cd000 	/System/Library/PrivateFrameworks/TextureIO.framework/Versions/A/TextureIO
0x00000001baef8000 	/usr/lib/libate.dylib
0x00000001badbd000 	/usr/lib/liblzma.5.dylib
0x00000001b0612000 	/System/Library/Frameworks/SystemConfiguration.framework/Versions/A/SystemConfiguration
0x00000001ba533000 	/usr/lib/libfakelink.dylib
0x00000001b4629000 	/System/Library/Frameworks/CFNetwork.framework/Versions/A/CFNetwork
0x00000001ba679000 	/usr/lib/libarchive.2.dylib
0x00000001b9055000 	/System/Library/PrivateFrameworks/AppleSystemInfo.framework/Versions/A/AppleSystemInfo
0x00000001b9bdf000 	/usr/lib/libbsm.0.dylib
0x00000001b3b96000 	/usr/lib/libnetwork.dylib
0x00000001ba4cd000 	/usr/lib/system/libkxld.dylib
0x00000001b97f9000 	/System/Library/PrivateFrameworks/IOMobileFramebuffer.framework/Versions/A/IOMobileFramebuffer
0x000000022ed78000 	/usr/lib/libCoreEntitlements.dylib
0x00000001ba203000 	/System/Library/PrivateFrameworks/AppleFSCompression.framework/Versions/A/AppleFSCompression
0x00000001b9bc7000 	/usr/lib/libcoretls.dylib
0x00000001badd6000 	/usr/lib/libcoretls_cfhelpers.dylib
0x00000001ba7cb000 	/usr/lib/libpam.2.dylib
0x00000001b5ec7000 	/usr/lib/libsqlite3.dylib
0x00000001bae3f000 	/usr/lib/libxar.1.dylib
0x00000001ba214000 	/usr/lib/libbz2.1.0.dylib
0x00000001ba538000 	/usr/lib/libpcap.A.dylib
0x00000001b62a7000 	/usr/lib/libdns_services.dylib
0x00000001ba79e000 	/usr/lib/libapple_nghttp2.dylib
0x00000001ba575000 	/usr/lib/libiconv.2.dylib
0x00000001ba4c3000 	/usr/lib/libcharset.1.dylib
0x00000001b6f07000 	/System/Library/Frameworks/CoreServices.framework/Versions/A/Frameworks/FSEvents.framework/Versions/A/FSEvents
0x00000001b2115000 	/System/Library/Frameworks/CoreServices.framework/Versions/A/Frameworks/CarbonCore.framework/Versions/A/CarbonCore
0x00000001b64e7000 	/System/Library/Frameworks/CoreServices.framework/Versions/A/Frameworks/Metadata.framework/Versions/A/Metadata
0x00000001ba227000 	/System/Library/Frameworks/CoreServices.framework/Versions/A/Frameworks/OSServices.framework/Versions/A/OSServices
0x00000001ba6ff000 	/System/Library/Frameworks/CoreServices.framework/Versions/A/Frameworks/SearchKit.framework/Versions/A/SearchKit
0x00000001b6236000 	/System/Library/Frameworks/CoreServices.framework/Versions/A/Frameworks/AE.framework/Versions/A/AE
0x00000001aff63000 	/System/Library/Frameworks/CoreServices.framework/Versions/A/Frameworks/LaunchServices.framework/Versions/A/LaunchServices
0x00000001bad66000 	/System/Library/Frameworks/CoreServices.framework/Versions/A/Frameworks/DictionaryServices.framework/Versions/A/DictionaryServices
0x00000001b6f14000 	/System/Library/Frameworks/CoreServices.framework/Versions/A/Frameworks/SharedFileList.framework/Versions/A/SharedFileList
0x00000001b9bb7000 	/usr/lib/libCheckFix.dylib
0x00000001b4b68000 	/System/Library/PrivateFrameworks/TCC.framework/Versions/A/TCC
0x00000001b905b000 	/System/Library/PrivateFrameworks/CoreNLP.framework/Versions/A/CoreNLP
0x00000001b6496000 	/System/Library/PrivateFrameworks/MetadataUtilities.framework/Versions/A/MetadataUtilities
0x00000001b06cc000 	/usr/lib/libmecabra.dylib
0x00000001b9bf0000 	/usr/lib/libmecab.dylib
0x00000001b0698000 	/usr/lib/libCRFSuite.dylib
0x00000001b9c4d000 	/usr/lib/libgermantok.dylib
0x00000001ba777000 	/usr/lib/libThaiTokenizer.dylib
0x00000001b658f000 	/System/Library/Frameworks/Accelerate.framework/Versions/A/Frameworks/vImage.framework/Versions/A/vImage
0x00000001c0984000 	/System/Library/Frameworks/Accelerate.framework/Versions/A/Frameworks/vecLib.framework/Versions/A/vecLib
0x00000001bae84000 	/System/Library/Frameworks/Accelerate.framework/Versions/A/Frameworks/vecLib.framework/Versions/A/libvMisc.dylib
0x00000001b9700000 	/System/Library/Frameworks/Accelerate.framework/Versions/A/Frameworks/vecLib.framework/Versions/A/libvDSP.dylib
0x00000001b02ed000 	/System/Library/Frameworks/Accelerate.framework/Versions/A/Frameworks/vecLib.framework/Versions/A/libBLAS.dylib
0x00000001ba8a1000 	/System/Library/Frameworks/Accelerate.framework/Versions/A/Frameworks/vecLib.framework/Versions/A/libLAPACK.dylib
0x00000001b9c50000 	/System/Library/Frameworks/Accelerate.framework/Versions/A/Frameworks/vecLib.framework/Versions/A/libLinearAlgebra.dylib
0x00000001ba7b6000 	/System/Library/Frameworks/Accelerate.framework/Versions/A/Frameworks/vecLib.framework/Versions/A/libSparseBLAS.dylib
0x00000001ba89c000 	/System/Library/Frameworks/Accelerate.framework/Versions/A/Frameworks/vecLib.framework/Versions/A/libQuadrature.dylib
0x00000001b9154000 	/System/Library/Frameworks/Accelerate.framework/Versions/A/Frameworks/vecLib.framework/Versions/A/libBNNS.dylib
0x00000001b05ab000 	/System/Library/Frameworks/Accelerate.framework/Versions/A/Frameworks/vecLib.framework/Versions/A/libSparse.dylib
0x00000001b914c000 	/System/Library/PrivateFrameworks/LinguisticData.framework/Versions/A/LinguisticData
0x00000001b0563000 	/System/Library/PrivateFrameworks/Lexicon.framework/Versions/A/Lexicon
0x00000001bae7c000 	/usr/lib/libChineseTokenizer.dylib
0x00000001b0d11000 	/System/Library/PrivateFrameworks/LanguageModeling.framework/Versions/A/LanguageModeling
0x00000001ba779000 	/System/Library/PrivateFrameworks/AppleSauce.framework/Versions/A/AppleSauce
0x00000001b97e6000 	/System/Library/PrivateFrameworks/CoreEmoji.framework/Versions/A/CoreEmoji
0x00000001ba667000 	/usr/lib/libcmph.dylib
0x00000001b6ee7000 	/System/Library/Frameworks/OpenDirectory.framework/Versions/A/Frameworks/CFOpenDirectory.framework/Versions/A/CFOpenDirectory
0x00000001b6ed7000 	/System/Library/Frameworks/OpenDirectory.framework/Versions/A/OpenDirectory
0x00000001badd8000 	/System/Library/PrivateFrameworks/APFS.framework/Versions/A/APFS
0x00000001b9b07000 	/System/Library/Frameworks/SecurityFoundation.framework/Versions/A/SecurityFoundation
0x00000001bae4e000 	/usr/lib/libutil.dylib
0x00000001b244e000 	/System/Library/PrivateFrameworks/CoreServicesStore.framework/Versions/A/CoreServicesStore
0x00000001bae52000 	/usr/lib/libxslt.1.dylib
0x00000001b9b9b000 	/System/Library/PrivateFrameworks/BackgroundTaskManagement.framework/Versions/A/BackgroundTaskManagement
0x00000001bc0ee000 	/System/Library/Frameworks/ImageIO.framework/Versions/A/Resources/libRadiance.dylib
0x00000001bc0f7000 	/System/Library/Frameworks/ImageIO.framework/Versions/A/Resources/libJPEG.dylib
0x00000001bc04a000 	/System/Library/Frameworks/ImageIO.framework/Versions/A/Resources/libPng.dylib
0x00000001bc06c000 	/System/Library/Frameworks/ImageIO.framework/Versions/A/Resources/libTIFF.dylib
0x00000001bc152000 	/System/Library/Frameworks/ImageIO.framework/Versions/A/Resources/libGIF.dylib
0x00000001bba82000 	/System/Library/Frameworks/ImageIO.framework/Versions/A/Resources/libJP2.dylib
0x00000001bb1a4000 	/usr/lib/libexpat.1.dylib
0x00000001bba3d000 	/System/Library/PrivateFrameworks/AppleJPEG.framework/Versions/A/AppleJPEG
0x00000001b8561000 	/System/Library/PrivateFrameworks/FontServices.framework/libFontParser.dylib
0x00000001b61db000 	/System/Library/PrivateFrameworks/RunningBoardServices.framework/Versions/A/RunningBoardServices
0x00000001c6a80000 	/System/Library/PrivateFrameworks/IOSurfaceAccelerator.framework/Versions/A/IOSurfaceAccelerator
0x00000001bbb6e000 	/System/Library/PrivateFrameworks/WatchdogClient.framework/Versions/A/WatchdogClient
0x00000001b0e11000 	/System/Library/Frameworks/CoreDisplay.framework/Versions/A/CoreDisplay
0x00000001b844b000 	/System/Library/Frameworks/CoreMedia.framework/Versions/A/CoreMedia
0x00000001b82d8000 	/System/Library/PrivateFrameworks/IOAccelerator.framework/Versions/A/IOAccelerator
0x00000001b7077000 	/System/Library/Frameworks/CoreVideo.framework/Versions/A/CoreVideo
0x00000001ba7c9000 	/System/Library/Frameworks/MetalPerformanceShaders.framework/Versions/A/MetalPerformanceShaders
0x00000001bbbad000 	/System/Library/Frameworks/VideoToolbox.framework/Versions/A/VideoToolbox
0x00000001b611f000 	/System/Library/PrivateFrameworks/BaseBoard.framework/Versions/A/BaseBoard
0x00000001b5ead000 	/System/Library/PrivateFrameworks/ProtocolBuffer.framework/Versions/A/ProtocolBuffer
0x00000001bc0e9000 	/System/Library/PrivateFrameworks/GPUWrangler.framework/Versions/A/GPUWrangler
0x00000001bc0c9000 	/System/Library/PrivateFrameworks/IOPresentment.framework/Versions/A/IOPresentment
0x00000001bc0f1000 	/System/Library/PrivateFrameworks/DSExternalDisplay.framework/Versions/A/DSExternalDisplay
0x00000002110a2000 	/System/Library/Frameworks/OpenGL.framework/Versions/A/Libraries/libCoreFSCache.dylib
0x000000021b868000 	/System/Library/PrivateFrameworks/GPUCompiler.framework/Versions/31001/Libraries/libGPUCompilerUtils.dylib
0x00000001bc157000 	/System/Library/PrivateFrameworks/CMCaptureCore.framework/Versions/A/CMCaptureCore
0x00000001bb755000 	/System/Library/PrivateFrameworks/AppServerSupport.framework/Versions/A/AppServerSupport
0x00000001bd9db000 	/System/Library/PrivateFrameworks/perfdata.framework/Versions/A/perfdata
0x00000001b0f31000 	/System/Library/PrivateFrameworks/AudioToolboxCore.framework/Versions/A/AudioToolboxCore
0x00000001b8424000 	/System/Library/PrivateFrameworks/caulk.framework/Versions/A/caulk
0x00000001bd2d0000 	/usr/lib/libAudioStatistics.dylib
0x00000001cf2cf000 	/System/Library/PrivateFrameworks/SystemPolicy.framework/Versions/A/SystemPolicy
0x00000001bd53c000 	/usr/lib/libSMC.dylib
0x00000001c6288000 	/System/Library/Frameworks/CoreMIDI.framework/Versions/A/CoreMIDI
0x00000001bc018000 	/usr/lib/libAudioToolboxUtility.dylib
0x00000001cb43f000 	/System/Library/PrivateFrameworks/OSAServicesClient.framework/Versions/A/OSAServicesClient
0x00000001bd9e8000 	/usr/lib/libperfcheck.dylib
0x00000001cfdeb000 	/usr/lib/libmis.dylib
0x0000000211104000 	/System/Library/Frameworks/OpenGL.framework/Versions/A/Libraries/libGLU.dylib
0x00000002110c3000 	/System/Library/Frameworks/OpenGL.framework/Versions/A/Libraries/libGFXShared.dylib
0x00000002112b0000 	/System/Library/Frameworks/OpenGL.framework/Versions/A/Libraries/libGL.dylib
0x00000002110cc000 	/System/Library/Frameworks/OpenGL.framework/Versions/A/Libraries/libGLImage.dylib
0x00000002110c0000 	/System/Library/Frameworks/OpenGL.framework/Versions/A/Libraries/libCVMSPluginSupport.dylib
0x00000002110a9000 	/System/Library/Frameworks/OpenGL.framework/Versions/A/Libraries/libCoreVMClient.dylib
0x00000001b8fd5000 	/System/Library/Frameworks/MetalPerformanceShaders.framework/Versions/A/Frameworks/MPSCore.framework/Versions/A/MPSCore
0x00000001ba176000 	/System/Library/Frameworks/MetalPerformanceShaders.framework/Versions/A/Frameworks/MPSImage.framework/Versions/A/MPSImage
0x00000001b9c65000 	/System/Library/Frameworks/MetalPerformanceShaders.framework/Versions/A/Frameworks/MPSNeuralNetwork.framework/Versions/A/MPSNeuralNetwork
0x00000001ba09e000 	/System/Library/Frameworks/MetalPerformanceShaders.framework/Versions/A/Frameworks/MPSMatrix.framework/Versions/A/MPSMatrix
0x00000001b9e77000 	/System/Library/Frameworks/MetalPerformanceShaders.framework/Versions/A/Frameworks/MPSRayIntersector.framework/Versions/A/MPSRayIntersector
0x00000001ba0cf000 	/System/Library/Frameworks/MetalPerformanceShaders.framework/Versions/A/Frameworks/MPSNDArray.framework/Versions/A/MPSNDArray
0x00000002134cb000 	/System/Library/Frameworks/MetalPerformanceShaders.framework/Versions/A/Frameworks/MPSFunctions.framework/Versions/A/MPSFunctions
0x00000001b01c4000 	/System/Library/PrivateFrameworks/MetalTools.framework/Versions/A/MetalTools
0x00000001b9053000 	/System/Library/PrivateFrameworks/AggregateDictionary.framework/Versions/A/AggregateDictionary
0x00000001baf89000 	/usr/lib/libIOReport.dylib
0x00000001c52a5000 	/System/Library/PrivateFrameworks/ASEProcessing.framework/Versions/A/ASEProcessing
0x00000001bb2fe000 	/System/Library/PrivateFrameworks/FaceCore.framework/Versions/A/FaceCore
0x00000001bb2f0000 	/System/Library/PrivateFrameworks/GraphVisualizer.framework/Versions/A/GraphVisualizer
0x000000021b77f000 	/System/Library/PrivateFrameworks/FontServices.framework/Versions/A/FontServices
0x00000001bb711000 	/System/Library/PrivateFrameworks/OTSVG.framework/Versions/A/OTSVG
0x00000001b6c41000 	/System/Library/Frameworks/ApplicationServices.framework/Versions/A/Frameworks/ATS.framework/Versions/A/Resources/libFontRegistry.dylib
0x00000001bb75e000 	/System/Library/PrivateFrameworks/FontServices.framework/libhvf.dylib
0x000000021b780000 	/System/Library/PrivateFrameworks/FontServices.framework/libXTFontStaticRegistryData.dylib
0x0000000211451000 	/System/Library/Frameworks/OpenCL.framework/Versions/A/OpenCL
0x00000001bb158000 	/System/Library/PrivateFrameworks/AppleVA.framework/Versions/A/AppleVA
0x00000001bd2f8000 	/System/Library/Frameworks/ApplicationServices.framework/Versions/A/Frameworks/ATS.framework/Versions/A/ATS
0x00000001b566a000 	/System/Library/Frameworks/ApplicationServices.framework/Versions/A/Frameworks/HIServices.framework/Versions/A/HIServices
0x00000001bc161000 	/System/Library/Frameworks/ApplicationServices.framework/Versions/A/Frameworks/PrintCore.framework/Versions/A/PrintCore
0x00000001bd68f000 	/System/Library/Frameworks/ApplicationServices.framework/Versions/A/Frameworks/QD.framework/Versions/A/QD
0x00000001bd687000 	/System/Library/Frameworks/ApplicationServices.framework/Versions/A/Frameworks/ColorSyncLegacy.framework/Versions/A/ColorSyncLegacy
0x00000001bd2e4000 	/System/Library/Frameworks/ApplicationServices.framework/Versions/A/Frameworks/SpeechSynthesis.framework/Versions/A/SpeechSynthesis
0x00000001bc122000 	/System/Library/Frameworks/ApplicationServices.framework/Versions/A/Frameworks/ATSUI.framework/Versions/A/ATSUI
0x00000001bd61c000 	/usr/lib/libcups.2.dylib
0x00000001bd9f6000 	/System/Library/Frameworks/Kerberos.framework/Versions/A/Kerberos
0x00000001bda07000 	/System/Library/Frameworks/GSS.framework/Versions/A/GSS
0x00000001bd368000 	/usr/lib/libresolv.9.dylib
0x00000001bb76d000 	/System/Library/PrivateFrameworks/Heimdal.framework/Versions/A/Heimdal
0x00000001c44db000 	/System/Library/Frameworks/Kerberos.framework/Versions/A/Libraries/libHeimdalProxy.dylib
0x00000001b62b9000 	/System/Library/Frameworks/Network.framework/Versions/A/Network
0x00000001bb1bf000 	/usr/lib/libheimdal-asn1.dylib
0x00000001bda57000 	/System/Library/PrivateFrameworks/CommonAuth.framework/Versions/A/CommonAuth
0x00000001bd25e000 	/System/Library/PrivateFrameworks/AudioSession.framework/Versions/A/AudioSession
0x00000001bb251000 	/System/Library/PrivateFrameworks/MediaExperience.framework/Versions/A/MediaExperience
0x00000001bd0e4000 	/System/Library/PrivateFrameworks/AudioSession.framework/libSessionUtility.dylib
0x00000001bd69b000 	/System/Library/PrivateFrameworks/AudioResourceArbitration.framework/Versions/A/AudioResourceArbitration
0x00000001c1861000 	/System/Library/PrivateFrameworks/PowerLog.framework/Versions/A/PowerLog
0x00000001bb1c9000 	/System/Library/PrivateFrameworks/IconFoundation.framework/Versions/A/IconFoundation
0x00000001c05aa000 	/System/Library/PrivateFrameworks/SpeechRecognitionCore.framework/Versions/A/SpeechRecognitionCore
0x00000001034f8000 	/Library/Java/JavaVirtualMachines/jdk-17.0.2.jdk/Contents/Home/lib/server/libjvm.dylib
0x00000001023dc000 	/Library/Java/JavaVirtualMachines/jdk-17.0.2.jdk/Contents/Home/lib/libjimage.dylib
0x0000000102408000 	/Library/Java/JavaVirtualMachines/jdk-17.0.2.jdk/Contents/Home/lib/libinstrument.dylib
0x0000000102638000 	/Library/Java/JavaVirtualMachines/jdk-17.0.2.jdk/Contents/Home/lib/libjava.dylib
0x0000000102604000 	/Library/Java/JavaVirtualMachines/jdk-17.0.2.jdk/Contents/Home/lib/libnio.dylib
0x00000001030ec000 	/Library/Java/JavaVirtualMachines/jdk-17.0.2.jdk/Contents/Home/lib/libnet.dylib
0x0000000103110000 	/Library/Java/JavaVirtualMachines/jdk-17.0.2.jdk/Contents/Home/lib/libzip.dylib
0x0000000103128000 	/Users/doviledaulenskiene/.openjfx/cache/17.0.1/libprism_es2.dylib
0x00000001b2411000 	/System/Library/PrivateFrameworks/CoreServicesInternal.framework/Versions/A/CoreServicesInternal
0x00000002112ba000 	/System/Library/Frameworks/OpenGL.framework/Versions/A/Resources/GLEngine.bundle/GLEngine
0x0000000211142000 	/System/Library/Frameworks/OpenGL.framework/Versions/A/Libraries/libGLProgrammability.dylib
0x0000000103440000 	/System/Library/Extensions/AppleMetalOpenGLRenderer.bundle/Contents/MacOS/AppleMetalOpenGLRenderer
0x0000000211429000 	/System/Library/Frameworks/OpenGL.framework/Versions/A/Resources/GLRendererFloat.bundle/GLRendererFloat
0x0000000211529000 	/System/Library/Extensions/AGXMetal13_3.bundle/Contents/MacOS/AGXMetal13_3
0x00000001cfe07000 	/System/Library/PrivateFrameworks/GPURawCounter.framework/Versions/A/GPURawCounter
0x00000001ca5a8000 	/System/Library/PrivateFrameworks/IOGPU.framework/Versions/A/IOGPU
0x000000012657c000 	/Users/doviledaulenskiene/.openjfx/cache/17.0.1/libglass.dylib
0x00000001c1ab9000 	/System/Library/Frameworks/FileProvider.framework/Versions/A/FileProvider
0x00000001b6087000 	/System/Library/Frameworks/Accounts.framework/Versions/A/Accounts
0x00000001c1c3d000 	/System/Library/PrivateFrameworks/GenerationalStorage.framework/Versions/A/GenerationalStorage
0x00000001c2800000 	/System/Library/PrivateFrameworks/CoreSymbolication.framework/Versions/A/CoreSymbolication
0x00000001c1855000 	/System/Library/PrivateFrameworks/SymptomDiagnosticReporter.framework/Versions/A/SymptomDiagnosticReporter
0x00000001b3701000 	/System/Library/PrivateFrameworks/DesktopServicesPriv.framework/Versions/A/DesktopServicesPriv
0x00000001b2573000 	/usr/lib/libsandbox.1.dylib
0x00000001b7105000 	/System/Library/PrivateFrameworks/UserManagement.framework/Versions/A/UserManagement
0x00000001c27bd000 	/System/Library/PrivateFrameworks/DebugSymbols.framework/Versions/A/DebugSymbols
0x00000001bd67a000 	/System/Library/PrivateFrameworks/NetAuth.framework/Versions/A/NetAuth
0x00000001be59b000 	/System/Library/PrivateFrameworks/Sharing.framework/Versions/A/Sharing
0x00000001b70d5000 	/System/Library/PrivateFrameworks/login.framework/Versions/A/Frameworks/loginsupport.framework/Versions/A/loginsupport
0x00000001c39f2000 	/System/Library/PrivateFrameworks/Apple80211.framework/Versions/A/Apple80211
0x00000001ba25a000 	/System/Library/PrivateFrameworks/AuthKit.framework/Versions/A/AuthKit
0x00000001b98e2000 	/System/Library/PrivateFrameworks/CoreUtils.framework/Versions/A/CoreUtils
0x00000001b9805000 	/System/Library/Frameworks/CoreWLAN.framework/Versions/A/CoreWLAN
0x00000001be70b000 	/System/Library/Frameworks/IOBluetooth.framework/Versions/A/IOBluetooth
0x00000001c3a52000 	/System/Library/PrivateFrameworks/CoreWiFi.framework/Versions/A/CoreWiFi
0x00000001c239d000 	/System/Library/PrivateFrameworks/FrontBoardServices.framework/Versions/A/FrontBoardServices
0x00000001c2435000 	/System/Library/PrivateFrameworks/BoardServices.framework/Versions/A/BoardServices
0x00000001b9af5000 	/System/Library/PrivateFrameworks/AssertionServices.framework/Versions/A/AssertionServices
0x00000001c3bcf000 	/System/Library/PrivateFrameworks/BackBoardServices.framework/Versions/A/BackBoardServices
0x00000001bdaee000 	/System/Library/PrivateFrameworks/CorePhoneNumbers.framework/Versions/A/CorePhoneNumbers
0x00000001bd395000 	/System/Library/PrivateFrameworks/MultiverseSupport.framework/Versions/A/MultiverseSupport
0x00000001c3e50000 	/System/Library/PrivateFrameworks/RemoteServiceDiscovery.framework/Versions/A/RemoteServiceDiscovery
0x00000001c1985000 	/System/Library/PrivateFrameworks/DiskManagement.framework/Versions/A/DiskManagement
0x00000001c1888000 	/System/Library/PrivateFrameworks/AppleIDAuthSupport.framework/Versions/A/AppleIDAuthSupport
0x0000000215d07000 	/System/Library/PrivateFrameworks/AAAFoundation.framework/Versions/A/AAAFoundation
0x00000001bdacd000 	/System/Library/PrivateFrameworks/KeychainCircle.framework/Versions/A/KeychainCircle
0x00000001c3e60000 	/System/Library/PrivateFrameworks/RemoteXPC.framework/Versions/A/RemoteXPC
0x00000001c1951000 	/System/Library/PrivateFrameworks/MediaKit.framework/Versions/A/MediaKit
0x00000001c1895000 	/System/Library/Frameworks/DiscRecording.framework/Versions/A/DiscRecording
0x00000001bb0d4000 	/usr/lib/libCoreStorage.dylib
0x00000001c3ecc000 	/usr/lib/libcsfde.dylib
0x00000001be7e0000 	/System/Library/PrivateFrameworks/ProtectedCloudStorage.framework/Versions/A/ProtectedCloudStorage
0x00000001c3ec4000 	/System/Library/PrivateFrameworks/EFILogin.framework/Versions/A/EFILogin
0x00000001c1c64000 	/System/Library/PrivateFrameworks/OctagonTrust.framework/Versions/A/OctagonTrust
0x000000021a906000 	/System/Library/PrivateFrameworks/CoreUtilsExtras.framework/Versions/A/CoreUtilsExtras
0x00000001c17ba000 	/System/Library/Frameworks/CoreBluetooth.framework/Versions/A/CoreBluetooth
0x00000001c4560000 	/System/Library/Frameworks/AudioUnit.framework/Versions/A/AudioUnit
0x00000001bb0cc000 	/usr/lib/libMatch.1.dylib
0x00000001d42ed000 	/System/Library/Frameworks/Accelerate.framework/Versions/A/Frameworks/vImage.framework/Versions/A/Libraries/libCGInterfaces.dylib
0x00000001267d8000 	/usr/lib/libobjc-trampolines.dylib
0x00000001b6dcf000 	/System/Library/PrivateFrameworks/ViewBridge.framework/Versions/A/ViewBridge
0x00000001bb830000 	/System/Library/PrivateFrameworks/login.framework/Versions/A/login
0x000000012d33c000 	/Users/doviledaulenskiene/.openjfx/cache/17.0.1/libjavafx_font.dylib
0x00000002163bb000 	/System/Library/PrivateFrameworks/AccessibilityBundles.framework/Versions/A/AccessibilityBundles
0x000000022eed5000 	/usr/lib/libRosetta.dylib


VM Arguments:
jvm_args: -javaagent:/Applications/IntelliJ IDEA.app/Contents/lib/idea_rt.jar=60541:/Applications/IntelliJ IDEA.app/Contents/bin -Dfile.encoding=UTF-8 --module-path=/Users/doviledaulenskiene/.m2/repository/org/openjfx/javafx-base/17.0.1/javafx-base-17.0.1-mac-aarch64.jar:/Users/doviledaulenskiene/.m2/repository/org/openjfx/javafx-fxml/17.0.1/javafx-fxml-17.0.1-mac-aarch64.jar:/Users/doviledaulenskiene/.m2/repository/org/openjfx/javafx-graphics/17.0.1/javafx-graphics-17.0.1-mac-aarch64.jar:/Users/doviledaulenskiene/.m2/repository/org/openjfx/javafx-controls/17.0.1/javafx-controls-17.0.1-mac-aarch64.jar:/Users/doviledaulenskiene/IdeaProjects/demoFX/target/classes -Djdk.module.main=com.example.demofx 
java_command: com.example.demofx/com.example.demofx.HelloApplication
java_class_path (initial): /Users/doviledaulenskiene/.m2/repository/org/openjfx/javafx-controls/17.0.1/javafx-controls-17.0.1.jar:/Users/doviledaulenskiene/.m2/repository/org/openjfx/javafx-graphics/17.0.1/javafx-graphics-17.0.1.jar:/Users/doviledaulenskiene/.m2/repository/org/openjfx/javafx-base/17.0.1/javafx-base-17.0.1.jar:/Users/doviledaulenskiene/.m2/repository/org/openjfx/javafx-fxml/17.0.1/javafx-fxml-17.0.1.jar
Launcher Type: SUN_STANDARD

[Global flags]
     intx CICompilerCount                          = 4                                         {product} {ergonomic}
     uint ConcGCThreads                            = 2                                         {product} {ergonomic}
     uint G1ConcRefinementThreads                  = 8                                         {product} {ergonomic}
   size_t G1HeapRegionSize                         = 2097152                                   {product} {ergonomic}
    uintx GCDrainStackTargetSize                   = 64                                        {product} {ergonomic}
   size_t InitialHeapSize                          = 268435456                                 {product} {ergonomic}
   size_t MarkStackSize                            = 4194304                                   {product} {ergonomic}
   size_t MaxHeapSize                              = 4294967296                                {product} {ergonomic}
   size_t MaxNewSize                               = 2575302656                                {product} {ergonomic}
   size_t MinHeapDeltaBytes                        = 2097152                                   {product} {ergonomic}
   size_t MinHeapSize                              = 8388608                                   {product} {ergonomic}
    uintx NonNMethodCodeHeapSize                   = 5839564                                {pd product} {ergonomic}
    uintx NonProfiledCodeHeapSize                  = 122909338                              {pd product} {ergonomic}
    uintx ProfiledCodeHeapSize                     = 122909338                              {pd product} {ergonomic}
    uintx ReservedCodeCacheSize                    = 251658240                              {pd product} {ergonomic}
     bool SegmentedCodeCache                       = true                                      {product} {ergonomic}
   size_t SoftMaxHeapSize                          = 4294967296                             {manageable} {ergonomic}
     bool UseCompressedClassPointers               = true                           {product lp64_product} {ergonomic}
     bool UseCompressedOops                        = true                           {product lp64_product} {ergonomic}
     bool UseG1GC                                  = true                                      {product} {ergonomic}
     bool UseNUMA                                  = false                                     {product} {ergonomic}
     bool UseNUMAInterleaving                      = false                                     {product} {ergonomic}

Logging:
Log output configuration:
 #0: stdout all=warning uptime,level,tags
 #1: stderr all=off uptime,level,tags

Environment Variables:
PATH=/opt/homebrew/bin:/opt/homebrew/sbin:/usr/local/bin:/usr/bin:/bin:/usr/sbin:/sbin:~/.dotnet/tools:/Library/Frameworks/Mono.framework/Versions/Current/Commands
SHELL=/bin/bash
LC_CTYPE=en_US.UTF-8

Signal Handlers:
   SIGSEGV: _ZL13crash_handleriP9__siginfoPv in libjvm.dylib, mask=11100110000111110111111111111111, flags=SA_RESTART|SA_SIGINFO
    SIGBUS: _ZL13crash_handleriP9__siginfoPv in libjvm.dylib, mask=11100110000111110111111111111111, flags=SA_RESTART|SA_SIGINFO
    SIGFPE: _ZL13crash_handleriP9__siginfoPv in libjvm.dylib, mask=11100110000111110111111111111111, flags=SA_RESTART|SA_SIGINFO
   SIGPIPE: _ZL17javaSignalHandleriP9__siginfoPv in libjvm.dylib, mask=11100110000111110111111111111111, flags=SA_RESTART|SA_SIGINFO
   SIGXFSZ: _ZL17javaSignalHandleriP9__siginfoPv in libjvm.dylib, mask=11100110000111110111111111111111, flags=SA_RESTART|SA_SIGINFO
    SIGILL: _ZL13crash_handleriP9__siginfoPv in libjvm.dylib, mask=11100110000111110111111111111111, flags=SA_RESTART|SA_SIGINFO
   SIGUSR2: _ZL10SR_handleriP9__siginfoP17__darwin_ucontext in libjvm.dylib, mask=00100000000000000000000000000000, flags=SA_RESTART|SA_SIGINFO
    SIGHUP: _ZL11UserHandleriPvS_ in libjvm.dylib, mask=11100110000111110111111111111111, flags=SA_RESTART|SA_SIGINFO
    SIGINT: _ZL11UserHandleriPvS_ in libjvm.dylib, mask=11100110000111110111111111111111, flags=SA_RESTART|SA_SIGINFO
   SIGTERM: _ZL11UserHandleriPvS_ in libjvm.dylib, mask=11100110000111110111111111111111, flags=SA_RESTART|SA_SIGINFO
   SIGQUIT: _ZL11UserHandleriPvS_ in libjvm.dylib, mask=11100110000111110111111111111111, flags=SA_RESTART|SA_SIGINFO
   SIGTRAP: _ZL13crash_handleriP9__siginfoPv in libjvm.dylib, mask=11100110000111110111111111111111, flags=SA_RESTART|SA_SIGINFO


---------------  S Y S T E M  ---------------

OS:
uname: Darwin 21.5.0 Darwin Kernel Version 21.5.0: Tue Apr 26 21:08:29 PDT 2022; root:xnu-8020.121.3~4/RELEASE_ARM64_T8101 arm64
OS uptime: 8 days 22:51 hours
rlimit (soft/hard): STACK 8176k/65520k , CORE 0k/infinity , NPROC 2666/4000 , NOFILE 10240/infinity , AS infinity/infinity , CPU infinity/infinity , DATA infinity/infinity , FSIZE infinity/infinity , MEMLOCK infinity/infinity , RSS infinity/infinity
load average: 2.84 2.43 2.02

CPU: total 8 (initial active 8) 0x61:0x0:0x1b588bb3:0, fp, simd, crc, lse

Memory: 16k page, physical 16777216k(105152k free), swap 5242880k(1003008k free)

vm_info: Java HotSpot(TM) 64-Bit Server VM (17.0.2+8-LTS-86) for bsd-aarch64 JRE (17.0.2+8-LTS-86), built on Dec  7 2021 21:47:50 by "mach5one" with clang Apple LLVM 12.0.0 (clang-1200.0.32.29)

END.
